{"level":"error","msg":"redis: nil","time":"2022-10-09T19:22:56+08:00"}
{"level":"error","msg":"GetSenderRet errorredis: nil","time":"2022-10-09T19:24:51+08:00"}
{"level":"error","msg":"GetSenderRet errorredis: nil","time":"2022-10-09T19:24:52+08:00"}
{"level":"error","msg":"GetSenderRet error:redis: nil","time":"2022-10-09T19:56:07+08:00"}
{"level":"error","msg":"GetReceiverRet error:redis: nil","time":"2022-10-09T19:56:07+08:00"}
{"level":"error","msg":"GetSenderRet error:redis: nil","time":"2022-10-09T19:56:10+08:00"}
{"level":"error","msg":"GetReceiverRet error:redis: nil","time":"2022-10-09T19:56:10+08:00"}
{"level":"error","msg":"GetSenderRet error:redis: nil","time":"2022-10-09T19:56:11+08:00"}
{"level":"error","msg":"GetReceiverRet error:redis: nil","time":"2022-10-09T19:56:11+08:00"}
{"level":"error","msg":"GetSenderRet error:redis: nil","time":"2022-10-09T19:56:12+08:00"}
{"level":"error","msg":"GetReceiverRet error:redis: nil","time":"2022-10-09T19:56:12+08:00"}
{"level":"error","msg":"GetSenderRet error:redis: nil","time":"2022-10-09T19:57:12+08:00"}
{"level":"error","msg":"GetReceiverRet error:redis: nil","time":"2022-10-09T19:57:12+08:00"}
{"level":"error","msg":"GetSenderRet error:redis: nil","time":"2022-10-09T19:57:21+08:00"}
{"level":"info","msg":"INFO:{3EPWUBJOMJ3RWOC6W3CPEROLBNORP6TJDNYBHSCQA7JXENDRWS3A pay 24804090 BFO7NQTTXGYDPUEWJYLWPFZRUFQISHY4E2SKXARM7UROMAW36YYBGPSUYY 1000 1665758697 {1 BFO7NQTTXGYDPUEWJYLWPFZRUFQISHY4E2SKXARM7UROMAW36YYBGPSUYY}}","time":"2022-10-14T22:45:05+08:00"}
{"level":"info","msg":"INFO:{7DW5QPRLNUQZK3BFB42MZKPPGU76KUTDKR2DDNZ7LRQS25ZRM3DA appl 24804090 ZLCQBSXNXR6R36N2DWPTO64NNGR2GVZFKRFRHO6YPVP2JHNQYKEX66FJRE 1000 1665758697 {0 }}","time":"2022-10-14T22:45:05+08:00"}
{"level":"info","msg":"INFO:{FGWNZE6J6YC7APIQRX6HBNNMQU47W25IQSIAKW4NOGVRUF2E2JGQ appl 24804090 ZLCQBSXNXR6R36N2DWPTO64NNGR2GVZFKRFRHO6YPVP2JHNQYKEX66FJRE 1000 1665758697 {0 }}","time":"2022-10-14T22:45:05+08:00"}
{"level":"info","msg":"INFO:{SPLNY3CFDMRFUWDTOOCLHJIPEC55HKR7U4772OW27Z5XLLY7OSQQ appl 24804090 ZLCQBSXNXR6R36N2DWPTO64NNGR2GVZFKRFRHO6YPVP2JHNQYKEX66FJRE 1000 1665758697 {0 }}","time":"2022-10-14T22:45:05+08:00"}
{"level":"info","msg":"INFO:{TYXAT6FOEZGC7S6M3SN5HWIYS74CWZHSWKYR534XERARIJQTTEQQ appl 24804090 ZLCQBSXNXR6R36N2DWPTO64NNGR2GVZFKRFRHO6YPVP2JHNQYKEX66FJRE 1000 1665758697 {0 }}","time":"2022-10-14T22:45:05+08:00"}
{"level":"info","msg":"INFO:{HV4AUDMCCCQK5TC6GKONTLER7APVE5IBQKXMPSLL3UDTYAFPE4RQ appl 24804090 ZLCQBSXNXR6R36N2DWPTO64NNGR2GVZFKRFRHO6YPVP2JHNQYKEX66FJRE 1000 1665758697 {0 }}","time":"2022-10-14T22:45:05+08:00"}
{"level":"info","msg":"INFO:{TACUL2PCAKHJ3HPRRYZQ3QNGAR4YHJOPFJWDDELGNWJYVN24YJ6Q appl 24804090 ZLCQBSXNXR6R36N2DWPTO64NNGR2GVZFKRFRHO6YPVP2JHNQYKEX66FJRE 1000 1665758697 {0 }}","time":"2022-10-14T22:45:05+08:00"}
{"level":"info","msg":"INFO:{ZFPDGHKK3ABHLGK3NNV34SGNIW2EZ5IEWDWIEN7TTNSIMPUCZQ7A appl 24804090 ZLCQBSXNXR6R36N2DWPTO64NNGR2GVZFKRFRHO6YPVP2JHNQYKEX66FJRE 1000 1665758697 {0 }}","time":"2022-10-14T22:45:05+08:00"}
{"level":"info","msg":"INFO:{L2VZHRPIUR3B33J7G5CTXNJS5D3KWD36D56HJTLKXD6HSEW63PXA appl 24804090 ZLCQBSXNXR6R36N2DWPTO64NNGR2GVZFKRFRHO6YPVP2JHNQYKEX66FJRE 1000 1665758697 {0 }}","time":"2022-10-14T22:45:05+08:00"}
{"level":"info","msg":"INFO:{EOH5XZFSSSRJWBSNONTL2J7UV5UAOT6ROJAPATY7WSRYBFPLNAKA appl 24804090 ZLCQBSXNXR6R36N2DWPTO64NNGR2GVZFKRFRHO6YPVP2JHNQYKEX66FJRE 1000 1665758697 {0 }}","time":"2022-10-14T22:45:05+08:00"}
{"level":"info","msg":"INFO:{C7TRRE3XHBSLNGBLHECAK6VGMRXVK5AJN26S4PSWUCIETQXSU2MA pay 24804090 BFO7NQTTXGYDPUEWJYLWPFZRUFQISHY4E2SKXARM7UROMAW36YYBGPSUYY 1000 1665758697 {1 BFO7NQTTXGYDPUEWJYLWPFZRUFQISHY4E2SKXARM7UROMAW36YYBGPSUYY}}","time":"2022-10-14T22:45:05+08:00"}
{"level":"info","msg":"INFO:{NNXJHJNTRGXB3QDPN6LJVXEUC54G74V5YM3TKD27FO2ZP7ZRCF5A appl 24804090 SOBMTHCOG74HYQPENSVMPM3TXEWNZ46VPTZOIHJZ3WPOBWMYZSN3HMG3DA 1000 1665758697 {0 }}","time":"2022-10-14T22:45:05+08:00"}
{"level":"info","msg":"INFO:{3JIYY5B4C7S7KDT64DVSPUZYFN2SIMVI4424U5SIRVQ5W355CPRQ appl 24804090 XRLMBT6LVVV22E35CRT5TFQKGQPQ4EE6X6K4U3XPQ3UOCRY5FYY7BFEBJE 1000 1665758697 {0 }}","time":"2022-10-14T22:45:05+08:00"}
{"level":"info","msg":"INFO:{6WCXNE2RTS6F56D6GIMYEICTKUGS6ZZ4SL5XN4UIF3YVJZB5ASWQ appl 24804090 XRLMBT6LVVV22E35CRT5TFQKGQPQ4EE6X6K4U3XPQ3UOCRY5FYY7BFEBJE 1000 1665758697 {0 }}","time":"2022-10-14T22:45:05+08:00"}
{"level":"info","msg":"INFO:{PH7UWNT3W5XLHEPRUCJJI5AJJWB4UCPUJ6Y7WXUV36NLLRZBVIUQ appl 24804090 XRLMBT6LVVV22E35CRT5TFQKGQPQ4EE6X6K4U3XPQ3UOCRY5FYY7BFEBJE 1000 1665758697 {0 }}","time":"2022-10-14T22:45:05+08:00"}
{"level":"info","msg":"INFO:{VOR5TNKJU6MOCQQUG7CVEH4CKHNUHB4NLDKS5QZVIXXF4FBD3WTQ appl 24804090 XRLMBT6LVVV22E35CRT5TFQKGQPQ4EE6X6K4U3XPQ3UOCRY5FYY7BFEBJE 1000 1665758697 {0 }}","time":"2022-10-14T22:45:05+08:00"}
{"level":"info","msg":"INFO:{DJT6UFLG2HC3OXOMEPV7U5KM6P3KGCZXC3Q7KMFDK6NSDCDTNM6Q pay 24804090 BFO7NQTTXGYDPUEWJYLWPFZRUFQISHY4E2SKXARM7UROMAW36YYBGPSUYY 1000 1665758697 {1 BFO7NQTTXGYDPUEWJYLWPFZRUFQISHY4E2SKXARM7UROMAW36YYBGPSUYY}}","time":"2022-10-14T22:45:05+08:00"}
{"level":"info","msg":"INFO:{MZRX2QT6BYLWQSGZ7D5OMXOXKQWPMWVREYLSAAUTYTC6XRY3S5TQ appl 24804090 XRLMBT6LVVV22E35CRT5TFQKGQPQ4EE6X6K4U3XPQ3UOCRY5FYY7BFEBJE 1000 1665758697 {0 }}","time":"2022-10-14T22:45:05+08:00"}
{"level":"info","msg":"INFO:{RYY35A4CGX3OVAYJVWQ5VNO3A245W6LVIF3LAAWLPBKSPWNN5SPA appl 24804090 XRLMBT6LVVV22E35CRT5TFQKGQPQ4EE6X6K4U3XPQ3UOCRY5FYY7BFEBJE 1000 1665758697 {0 }}","time":"2022-10-14T22:45:05+08:00"}
{"level":"info","msg":"INFO:{LIXUO7ITU36KK7GLVUGYUMNDI65J4HZOWL6YVX5XN667O3LYGEBQ pay 24804091 BFO7NQTTXGYDPUEWJYLWPFZRUFQISHY4E2SKXARM7UROMAW36YYBGPSUYY 1000 1665758700 {1 BFO7NQTTXGYDPUEWJYLWPFZRUFQISHY4E2SKXARM7UROMAW36YYBGPSUYY}}","time":"2022-10-14T22:45:11+08:00"}
{"level":"info","msg":"INFO:{3457N2OVZPE2KBERTMPI5FAAKP73DXWLWEJQCEJOVLIRTKKAPIVQ appl 24804091 XRLMBT6LVVV22E35CRT5TFQKGQPQ4EE6X6K4U3XPQ3UOCRY5FYY7BFEBJE 1000 1665758700 {0 }}","time":"2022-10-14T22:45:11+08:00"}
{"level":"info","msg":"INFO:{LGABEH75RRV4XJXZZSPAQYGMEVKOEQTOLEYV5RBOLEUOQSI3SMRQ appl 24804091 SOBMTHCOG74HYQPENSVMPM3TXEWNZ46VPTZOIHJZ3WPOBWMYZSN3HMG3DA 1000 1665758700 {0 }}","time":"2022-10-14T22:45:11+08:00"}
{"level":"info","msg":"INFO:{NQAIPNCSESIRQ5TBE23N56CP6EDWP75KQMVEFLWITU7SS7R2VKMQ pay 24804091 BFO7NQTTXGYDPUEWJYLWPFZRUFQISHY4E2SKXARM7UROMAW36YYBGPSUYY 1000 1665758700 {1 BFO7NQTTXGYDPUEWJYLWPFZRUFQISHY4E2SKXARM7UROMAW36YYBGPSUYY}}","time":"2022-10-14T22:45:11+08:00"}
{"level":"info","msg":"INFO:{N5Q2Q3YH5PZZJM5PC2J6NSPJDTYUTAGMXDDHPC7AXLHCFPMNDVGA appl 24804091 BX7DE4WGKPMZHR5ASXRWF2SQU5RNRWM3IXUNJ5T5LZMLVUYS3VCWI426NA 1000 1665758700 {0 }}","time":"2022-10-14T22:45:11+08:00"}
{"level":"info","msg":"INFO:{D5ZXRSIJPW4G5GM2MZELW2M6BDBMDSBNR5YHSG4QRKTBATESANNA pay 24804091 BFO7NQTTXGYDPUEWJYLWPFZRUFQISHY4E2SKXARM7UROMAW36YYBGPSUYY 1000 1665758700 {1 BFO7NQTTXGYDPUEWJYLWPFZRUFQISHY4E2SKXARM7UROMAW36YYBGPSUYY}}","time":"2022-10-14T22:45:11+08:00"}
{"level":"info","msg":"INFO:{ELPPTIZRKIX6TUU5PUEMSZ5XNJ5Y6EUZKY7BJXHJLV2AJGZBWNOQ pay 24804091 BFO7NQTTXGYDPUEWJYLWPFZRUFQISHY4E2SKXARM7UROMAW36YYBGPSUYY 1000 1665758700 {1 BFO7NQTTXGYDPUEWJYLWPFZRUFQISHY4E2SKXARM7UROMAW36YYBGPSUYY}}","time":"2022-10-14T22:45:11+08:00"}
{"level":"info","msg":"INFO:{5C6KJJ4LP3VXH7HERLACP6QPQDTZIE7GAHM3I2NXQFDSW5UEOQ4A appl 24804092 NRZ32WFQXN5AONZABHW4F5RI3XOVPZ7IFC5KC5IEHF7VZU5KMB2ZN6RBIQ 1000 1665758704 {1 BFO7NQTTXGYDPUEWJYLWPFZRUFQISHY4E2SKXARM7UROMAW36YYBGPSUYY}}","time":"2022-10-14T22:45:12+08:00"}
{"level":"info","msg":"INFO:{PIAVODJL2ANVLGSVDJNZIV5JEZ2Z3M3VNQ7EUDACVETIVBXJ7B2Q pay 24804092 BFO7NQTTXGYDPUEWJYLWPFZRUFQISHY4E2SKXARM7UROMAW36YYBGPSUYY 1000 1665758704 {1 BFO7NQTTXGYDPUEWJYLWPFZRUFQISHY4E2SKXARM7UROMAW36YYBGPSUYY}}","time":"2022-10-14T22:45:12+08:00"}
{"level":"info","msg":"INFO:{IPB5SOZC7U2PFZTN45OZ7NB3643NV6KFAW3EAWJ4PAZQA6IKLEUQ pay 24804092 BFO7NQTTXGYDPUEWJYLWPFZRUFQISHY4E2SKXARM7UROMAW36YYBGPSUYY 1000 1665758704 {1 BFO7NQTTXGYDPUEWJYLWPFZRUFQISHY4E2SKXARM7UROMAW36YYBGPSUYY}}","time":"2022-10-14T22:45:12+08:00"}
{"level":"info","msg":"INFO:{FQWI3QIDHJWP3EWVPTFLW5D6YMOHSA7XBX6WZX62RTG6PX7HXNGQ pay 24804092 BFO7NQTTXGYDPUEWJYLWPFZRUFQISHY4E2SKXARM7UROMAW36YYBGPSUYY 1000 1665758704 {1 BFO7NQTTXGYDPUEWJYLWPFZRUFQISHY4E2SKXARM7UROMAW36YYBGPSUYY}}","time":"2022-10-14T22:45:12+08:00"}
{"level":"info","msg":"INFO:{KS6FPUMYLH3DNT76Y263SG6NENPOZ3TORI3KYXSBCYLDA7JBR2FA pay 24804092 BFO7NQTTXGYDPUEWJYLWPFZRUFQISHY4E2SKXARM7UROMAW36YYBGPSUYY 1000 1665758704 {1 BFO7NQTTXGYDPUEWJYLWPFZRUFQISHY4E2SKXARM7UROMAW36YYBGPSUYY}}","time":"2022-10-14T22:45:12+08:00"}
{"level":"info","msg":"INFO:{VKQIATKCJ7UNT5WXKOPARNQMBGXOANB5PXSBDZJAV5RTTVZ4RPPQ pay 24804093 BFO7NQTTXGYDPUEWJYLWPFZRUFQISHY4E2SKXARM7UROMAW36YYBGPSUYY 1000 1665758708 {1 BFO7NQTTXGYDPUEWJYLWPFZRUFQISHY4E2SKXARM7UROMAW36YYBGPSUYY}}","time":"2022-10-14T22:45:18+08:00"}
{"level":"info","msg":"INFO:{FNHMQTPJIW5TOSZTLMZIVWDMUBECDHOA45RQAVPQL4G4E4SREWAA appl 24804093 FE3CQJGB2P5DJNYVDFTWFITOKFULYT2YSDETEC3JDYR6VYEFLJZAOMN6ZY 1000 1665758708 {1 BFO7NQTTXGYDPUEWJYLWPFZRUFQISHY4E2SKXARM7UROMAW36YYBGPSUYY}}","time":"2022-10-14T22:45:18+08:00"}
{"level":"info","msg":"INFO:{MYGT4YRDH5AXQTYKE6VMA3OMUHJFADOZE3QFQW6S3DK2KXSRNSCQ pay 24804093 BFO7NQTTXGYDPUEWJYLWPFZRUFQISHY4E2SKXARM7UROMAW36YYBGPSUYY 1000 1665758708 {1 BFO7NQTTXGYDPUEWJYLWPFZRUFQISHY4E2SKXARM7UROMAW36YYBGPSUYY}}","time":"2022-10-14T22:45:18+08:00"}
{"level":"info","msg":"INFO:{RPGHKG5YHW6VD56CSRVRE5M2VL37YETE72TYRVUFZ5VET6ZRRJYQ pay 24804093 BFO7NQTTXGYDPUEWJYLWPFZRUFQISHY4E2SKXARM7UROMAW36YYBGPSUYY 1000 1665758708 {1 BFO7NQTTXGYDPUEWJYLWPFZRUFQISHY4E2SKXARM7UROMAW36YYBGPSUYY}}","time":"2022-10-14T22:45:18+08:00"}
{"level":"info","msg":"INFO:{PC2QN3UHCT6QQNCYEZO3VC6VUOZPWCQCKDBYEFE7N6PT2673IBTQ pay 24804094 BFO7NQTTXGYDPUEWJYLWPFZRUFQISHY4E2SKXARM7UROMAW36YYBGPSUYY 1000 1665758711 {1 BFO7NQTTXGYDPUEWJYLWPFZRUFQISHY4E2SKXARM7UROMAW36YYBGPSUYY}}","time":"2022-10-14T22:45:19+08:00"}
{"level":"info","msg":"INFO:{CLASWQJGVLN7UUM2WWE4RDZF5KQTKIKF5YBT6YKEHFLMIBYZFFSA pay 24804094 BFO7NQTTXGYDPUEWJYLWPFZRUFQISHY4E2SKXARM7UROMAW36YYBGPSUYY 1000 1665758711 {1 BFO7NQTTXGYDPUEWJYLWPFZRUFQISHY4E2SKXARM7UROMAW36YYBGPSUYY}}","time":"2022-10-14T22:45:19+08:00"}
{"level":"info","msg":"INFO:{5QRKSWWARVUWZFROMHGEPJAR4QXWPZAOZ6FHOQPWJO7HNX7U4XNQ pay 24804094 ARAMIDXXYOGENNKBIXUS7GTZR3FNV7S7JFE7K5Y7B66AVKNV5IQSUTFAO4 1000 1665758711 {0 ARAMIDXXYOGENNKBIXUS7GTZR3FNV7S7JFE7K5Y7B66AVKNV5IQSUTFAO4}}","time":"2022-10-14T22:45:19+08:00"}
{"level":"info","msg":"INFO:{BM7W6IV7EVAX4Q24JEX3XKRZQFI3F26AJW7TCVZHSMCQ42HVJBJA pay 24804094 BFO7NQTTXGYDPUEWJYLWPFZRUFQISHY4E2SKXARM7UROMAW36YYBGPSUYY 1000 1665758711 {1 BFO7NQTTXGYDPUEWJYLWPFZRUFQISHY4E2SKXARM7UROMAW36YYBGPSUYY}}","time":"2022-10-14T22:45:19+08:00"}
{"level":"info","msg":"INFO:{CY7WWB3HVRZHHB5OAOXN5MOG2YSXZNWN3DNGLEDZ6Q2OCSUF23FQ pay 24804094 BFO7NQTTXGYDPUEWJYLWPFZRUFQISHY4E2SKXARM7UROMAW36YYBGPSUYY 1000 1665758711 {1 BFO7NQTTXGYDPUEWJYLWPFZRUFQISHY4E2SKXARM7UROMAW36YYBGPSUYY}}","time":"2022-10-14T22:45:19+08:00"}
{"level":"info","msg":"INFO:{R36E74G5QNYK7GIKQ6XRJGYICVOFNHNC63WTJ2PWEPJVQKDMSHIQ appl 24804094 SOBMTHCOG74HYQPENSVMPM3TXEWNZ46VPTZOIHJZ3WPOBWMYZSN3HMG3DA 1000 1665758711 {1 BFO7NQTTXGYDPUEWJYLWPFZRUFQISHY4E2SKXARM7UROMAW36YYBGPSUYY}}","time":"2022-10-14T22:45:19+08:00"}
{"level":"info","msg":"INFO:{F373AJUZBAICSV2DO66ZVMB5BTKIAQSHQ7MLV7T547EKOM7XTVBQ pay 24804095 BFO7NQTTXGYDPUEWJYLWPFZRUFQISHY4E2SKXARM7UROMAW36YYBGPSUYY 1000 1665758715 {1 BFO7NQTTXGYDPUEWJYLWPFZRUFQISHY4E2SKXARM7UROMAW36YYBGPSUYY}}","time":"2022-10-14T22:45:25+08:00"}
{"level":"info","msg":"INFO:{27Y46LGGER25RW4PHUAJB4L7CMNBQRDRME3HEZIZHGBMVUI54I5Q pay 24804095 BFO7NQTTXGYDPUEWJYLWPFZRUFQISHY4E2SKXARM7UROMAW36YYBGPSUYY 1000 1665758715 {1 BFO7NQTTXGYDPUEWJYLWPFZRUFQISHY4E2SKXARM7UROMAW36YYBGPSUYY}}","time":"2022-10-14T22:45:25+08:00"}
{"level":"info","msg":"INFO:{WCDHDZO4IYSKOIPDFIGLIP4X5GE6BXKUKPKKX45ADVWUOIVLSP2Q appl 24804095 SOBMTHCOG74HYQPENSVMPM3TXEWNZ46VPTZOIHJZ3WPOBWMYZSN3HMG3DA 1000 1665758715 {0 ARAMIDXXYOGENNKBIXUS7GTZR3FNV7S7JFE7K5Y7B66AVKNV5IQSUTFAO4}}","time":"2022-10-14T22:45:25+08:00"}
{"level":"info","msg":"INFO:{ZCGWORL5WHKHDCW7AKOGGLEVJSBCOA5K6MBS2BLP2F6FCYP4UIFQ pay 24804095 BFO7NQTTXGYDPUEWJYLWPFZRUFQISHY4E2SKXARM7UROMAW36YYBGPSUYY 1000 1665758715 {1 BFO7NQTTXGYDPUEWJYLWPFZRUFQISHY4E2SKXARM7UROMAW36YYBGPSUYY}}","time":"2022-10-14T22:45:25+08:00"}
{"level":"info","msg":"INFO:{PAYRVAGQNVJBJKVIVHR3L6IBSW6XHW74XGKBMTXUS7OU7JN33XRQ pay 24804095 BFO7NQTTXGYDPUEWJYLWPFZRUFQISHY4E2SKXARM7UROMAW36YYBGPSUYY 1000 1665758715 {1 BFO7NQTTXGYDPUEWJYLWPFZRUFQISHY4E2SKXARM7UROMAW36YYBGPSUYY}}","time":"2022-10-14T22:45:25+08:00"}
{"level":"info","msg":"INFO:{KR36HB7SUM7UFSWXKFCXIT5RFJUXXUF2EJWISHLB6SILQVZUWNCQ pay 24804096 BFO7NQTTXGYDPUEWJYLWPFZRUFQISHY4E2SKXARM7UROMAW36YYBGPSUYY 1000 1665758719 {1 BFO7NQTTXGYDPUEWJYLWPFZRUFQISHY4E2SKXARM7UROMAW36YYBGPSUYY}}","time":"2022-10-14T22:45:26+08:00"}
{"level":"info","msg":"INFO:{ZRQNCD6SJAB3JJINWIKN3CYU3AJ55WUQOYV3E6WXFWL4RUJ5GJFQ appl 24804096 SOBMTHCOG74HYQPENSVMPM3TXEWNZ46VPTZOIHJZ3WPOBWMYZSN3HMG3DA 1000 1665758719 {1 BFO7NQTTXGYDPUEWJYLWPFZRUFQISHY4E2SKXARM7UROMAW36YYBGPSUYY}}","time":"2022-10-14T22:45:26+08:00"}
{"level":"info","msg":"INFO:{4EW3Y2TSG4LKSE3BCY4WA46XSJ7URI7KWWJF5327QROQEM2CCR7A pay 24804096 BFO7NQTTXGYDPUEWJYLWPFZRUFQISHY4E2SKXARM7UROMAW36YYBGPSUYY 1000 1665758719 {1 BFO7NQTTXGYDPUEWJYLWPFZRUFQISHY4E2SKXARM7UROMAW36YYBGPSUYY}}","time":"2022-10-14T22:45:26+08:00"}
{"level":"info","msg":"INFO:{Y3GQI43QUVDKNVUTYDXLJPQJLELUGZBMGINZDMZ6ZYXZFMDTW4TA appl 24804096 XRLMBT6LVVV22E35CRT5TFQKGQPQ4EE6X6K4U3XPQ3UOCRY5FYY7BFEBJE 1000 1665758719 {1 BFO7NQTTXGYDPUEWJYLWPFZRUFQISHY4E2SKXARM7UROMAW36YYBGPSUYY}}","time":"2022-10-14T22:45:26+08:00"}
{"level":"info","msg":"INFO:{Y3QDHK6EP4LDZDDSKTSXK4HGP4XPNYNLPPZOVBDQNODM2MIZLYJQ appl 24804096 XRLMBT6LVVV22E35CRT5TFQKGQPQ4EE6X6K4U3XPQ3UOCRY5FYY7BFEBJE 1000 1665758719 {1 BFO7NQTTXGYDPUEWJYLWPFZRUFQISHY4E2SKXARM7UROMAW36YYBGPSUYY}}","time":"2022-10-14T22:45:26+08:00"}
{"level":"info","msg":"INFO:{YT2ZSMOAIO2A32UUXC4RZ6CO5DTPQEMLZ4YMXTTNKALPP6J4HNLQ pay 24804096 BFO7NQTTXGYDPUEWJYLWPFZRUFQISHY4E2SKXARM7UROMAW36YYBGPSUYY 1000 1665758719 {1 BFO7NQTTXGYDPUEWJYLWPFZRUFQISHY4E2SKXARM7UROMAW36YYBGPSUYY}}","time":"2022-10-14T22:45:26+08:00"}
{"level":"info","msg":"INFO:{G6DSDR7BF4NNFYBXQDTMEEEYMT3A3T4LUB6DCU4SDC5B4RVR5CBQ appl 24804096 XRLMBT6LVVV22E35CRT5TFQKGQPQ4EE6X6K4U3XPQ3UOCRY5FYY7BFEBJE 1000 1665758719 {1 BFO7NQTTXGYDPUEWJYLWPFZRUFQISHY4E2SKXARM7UROMAW36YYBGPSUYY}}","time":"2022-10-14T22:45:26+08:00"}
{"level":"info","msg":"INFO:{DNJWNOI4VMBD7254HEEAIY6ZXGGYG4XLFFJUPWUSY64VIVROGXZQ appl 24804096 XRLMBT6LVVV22E35CRT5TFQKGQPQ4EE6X6K4U3XPQ3UOCRY5FYY7BFEBJE 1000 1665758719 {0 }}","time":"2022-10-14T22:45:26+08:00"}
{"level":"info","msg":"INFO:{GCLLAHBZEBTHQY3PHISFRJUBSUN7BHULAPAOJXT7QX6NR75ATGAA appl 24804096 XRLMBT6LVVV22E35CRT5TFQKGQPQ4EE6X6K4U3XPQ3UOCRY5FYY7BFEBJE 1000 1665758719 {0 }}","time":"2022-10-14T22:45:26+08:00"}
{"level":"info","msg":"INFO:{GVOLWBP6JGRJFTPIC2VNWLO4YJ6254WSRGZEAVRGXZ2LJPZBTZIA appl 24804097 XRLMBT6LVVV22E35CRT5TFQKGQPQ4EE6X6K4U3XPQ3UOCRY5FYY7BFEBJE 1000 1665758722 {1 BFO7NQTTXGYDPUEWJYLWPFZRUFQISHY4E2SKXARM7UROMAW36YYBGPSUYY}}","time":"2022-10-14T22:45:32+08:00"}
{"level":"info","msg":"INFO:{JCKNSDU3O6CVZ6DYTIRNTROJBIQQW7BSEM5C43JUIE2AAWCL34KA appl 24804097 XRLMBT6LVVV22E35CRT5TFQKGQPQ4EE6X6K4U3XPQ3UOCRY5FYY7BFEBJE 1000 1665758722 {1 BFO7NQTTXGYDPUEWJYLWPFZRUFQISHY4E2SKXARM7UROMAW36YYBGPSUYY}}","time":"2022-10-14T22:45:32+08:00"}
{"level":"info","msg":"INFO:{TMCFLKADNDTXKI2TT6ILIKW7KHRNDLGHFBP7XI7OLCLS2MM46PXQ appl 24804097 SOBMTHCOG74HYQPENSVMPM3TXEWNZ46VPTZOIHJZ3WPOBWMYZSN3HMG3DA 1000 1665758722 {1 BFO7NQTTXGYDPUEWJYLWPFZRUFQISHY4E2SKXARM7UROMAW36YYBGPSUYY}}","time":"2022-10-14T22:45:32+08:00"}
{"level":"info","msg":"INFO:{LQXG2AKI5DONXQI4LR3J3ILPWOLWGJTIQKR5Q3GZ3OFR5HTTQWOQ pay 24804097 BFO7NQTTXGYDPUEWJYLWPFZRUFQISHY4E2SKXARM7UROMAW36YYBGPSUYY 1000 1665758722 {1 BFO7NQTTXGYDPUEWJYLWPFZRUFQISHY4E2SKXARM7UROMAW36YYBGPSUYY}}","time":"2022-10-14T22:45:32+08:00"}
{"level":"info","msg":"INFO:{OIMAADJ6Z6N7WJUNL6OEKXRMKCXX5RFZEKQDJ7SHRQQGYDNRT4JQ appl 24804097 XRLMBT6LVVV22E35CRT5TFQKGQPQ4EE6X6K4U3XPQ3UOCRY5FYY7BFEBJE 1000 1665758722 {1 BFO7NQTTXGYDPUEWJYLWPFZRUFQISHY4E2SKXARM7UROMAW36YYBGPSUYY}}","time":"2022-10-14T22:45:32+08:00"}
{"level":"info","msg":"INFO:{7TVSRYZVIXCESUZFHAPIMSUGX7NSGF3OJNXBXR5UTYJXS6MVPHKA pay 24804097 BFO7NQTTXGYDPUEWJYLWPFZRUFQISHY4E2SKXARM7UROMAW36YYBGPSUYY 1000 1665758722 {1 BFO7NQTTXGYDPUEWJYLWPFZRUFQISHY4E2SKXARM7UROMAW36YYBGPSUYY}}","time":"2022-10-14T22:45:32+08:00"}
{"level":"info","msg":"INFO:{N5GGPESJOCPYEYBVSTDPPAG3UUL3EJZXE6FOVFW4SRLIHQLXFVCQ pay 24804097 MLMNXQEISHWCAASGDC32GJMYJZBMAJA43EQP3NWKEQ4YOCQQV3AKNSLQFY 1000 1665758722 {990000 YCYGSCRIHGBOM6FDNMDQO5QV5SVPM4PZRKA22XDLR4S5KYX7YRGGSZUKLE}}","time":"2022-10-14T22:45:32+08:00"}
{"level":"info","msg":"INFO:{VL67JI7NJALKNGZ7GQU5CL7M2WGY64H7AVOFKYSHAC4XXNEJQVLA appl 24804097 YCYGSCRIHGBOM6FDNMDQO5QV5SVPM4PZRKA22XDLR4S5KYX7YRGGSZUKLE 1000 1665758722 {0 }}","time":"2022-10-14T22:45:32+08:00"}
{"level":"info","msg":"INFO:{ZHPLOCKKMLUU2SXQASAYJFNAPT64D22YMBZLWXX46WYECCT5CF2Q axfer 24804097 YCYGSCRIHGBOM6FDNMDQO5QV5SVPM4PZRKA22XDLR4S5KYX7YRGGSZUKLE 1000 1665758722 {0 }}","time":"2022-10-14T22:45:32+08:00"}
{"level":"info","msg":"INFO:{DCAFOQMS42YWSZUSLZQWLCGDXW7RWBW6N4SYNUX7PSMFETABZ2WA axfer 24804097 MLMNXQEISHWCAASGDC32GJMYJZBMAJA43EQP3NWKEQ4YOCQQV3AKNSLQFY 1000 1665758722 {0 }}","time":"2022-10-14T22:45:32+08:00"}
{"level":"info","msg":"INFO:{EFWAIQZMSD6DJOEUE52F4AZ4CEIEJ52NT5BNAGXJTC3FA3E6MEXA pay 24804097 BFO7NQTTXGYDPUEWJYLWPFZRUFQISHY4E2SKXARM7UROMAW36YYBGPSUYY 1000 1665758722 {1 BFO7NQTTXGYDPUEWJYLWPFZRUFQISHY4E2SKXARM7UROMAW36YYBGPSUYY}}","time":"2022-10-14T22:45:32+08:00"}
{"level":"info","msg":"INFO:{L2KOSG2C5IB6CGOX7JE7Q4CT2JASUW6VWAR34JOPQVC6YLOR7QAQ appl 24804097 BX7DE4WGKPMZHR5ASXRWF2SQU5RNRWM3IXUNJ5T5LZMLVUYS3VCWI426NA 1000 1665758722 {0 }}","time":"2022-10-14T22:45:32+08:00"}
{"level":"info","msg":"INFO:{LPNAGPKBD3PJMCO3Z7KJ6BZSCZVYUYRHMSKFNLARYMG6REMOS5LA appl 24804097 SOBMTHCOG74HYQPENSVMPM3TXEWNZ46VPTZOIHJZ3WPOBWMYZSN3HMG3DA 1000 1665758722 {0 }}","time":"2022-10-14T22:45:32+08:00"}
{"level":"info","msg":"INFO:{DLQSJ2NEH7ID367OS3MYE23XSRWSXAWF7EAN7NN2A3XZKGBVNK4A pay 24804097 BFO7NQTTXGYDPUEWJYLWPFZRUFQISHY4E2SKXARM7UROMAW36YYBGPSUYY 1000 1665758722 {1 BFO7NQTTXGYDPUEWJYLWPFZRUFQISHY4E2SKXARM7UROMAW36YYBGPSUYY}}","time":"2022-10-14T22:45:32+08:00"}
{"level":"info","msg":"INFO:{TNM3YOFQCAHSVCICWLVAU3O3C7VVBAZXN537KQ7FBQ4O7I42EZ5Q appl 24804098 ZLCQBSXNXR6R36N2DWPTO64NNGR2GVZFKRFRHO6YPVP2JHNQYKEX66FJRE 1000 1665758726 {1 BFO7NQTTXGYDPUEWJYLWPFZRUFQISHY4E2SKXARM7UROMAW36YYBGPSUYY}}","time":"2022-10-14T22:45:33+08:00"}
{"level":"info","msg":"INFO:{53IALXRUNRAZEV7SR3DTMN5AXRUPF6VBW34VDTGC6CJPO2KHKNHA appl 24804098 ZLCQBSXNXR6R36N2DWPTO64NNGR2GVZFKRFRHO6YPVP2JHNQYKEX66FJRE 1000 1665758726 {1 BFO7NQTTXGYDPUEWJYLWPFZRUFQISHY4E2SKXARM7UROMAW36YYBGPSUYY}}","time":"2022-10-14T22:45:33+08:00"}
{"level":"info","msg":"INFO:{MGFAY6RVYNQAZYVLSQOGT3LAG54WSR6MGS327RBUZZHPJJ6NHC6Q appl 24804098 ZLCQBSXNXR6R36N2DWPTO64NNGR2GVZFKRFRHO6YPVP2JHNQYKEX66FJRE 1000 1665758726 {1 BFO7NQTTXGYDPUEWJYLWPFZRUFQISHY4E2SKXARM7UROMAW36YYBGPSUYY}}","time":"2022-10-14T22:45:33+08:00"}
{"level":"info","msg":"INFO:{UUTSX3XFF7VYMRVFREFVFSPMZSJF33ND6PI2LFU44XCU74VW4IRQ appl 24804098 ZLCQBSXNXR6R36N2DWPTO64NNGR2GVZFKRFRHO6YPVP2JHNQYKEX66FJRE 1000 1665758726 {1 BFO7NQTTXGYDPUEWJYLWPFZRUFQISHY4E2SKXARM7UROMAW36YYBGPSUYY}}","time":"2022-10-14T22:45:33+08:00"}
{"level":"info","msg":"INFO:{7SPPSM7JDERVPRBCME5ZKAR2C4U7WLSGJXST7M7FU4J7PAW6L4TQ appl 24804098 ZLCQBSXNXR6R36N2DWPTO64NNGR2GVZFKRFRHO6YPVP2JHNQYKEX66FJRE 1000 1665758726 {1 BFO7NQTTXGYDPUEWJYLWPFZRUFQISHY4E2SKXARM7UROMAW36YYBGPSUYY}}","time":"2022-10-14T22:45:33+08:00"}
{"level":"info","msg":"INFO:{GMBRWTEAD5NBOZZSKUSTATJ4TSGPPHKCQQASHFDOK4WSEGOV7HOA appl 24804098 ZLCQBSXNXR6R36N2DWPTO64NNGR2GVZFKRFRHO6YPVP2JHNQYKEX66FJRE 1000 1665758726 {1 BFO7NQTTXGYDPUEWJYLWPFZRUFQISHY4E2SKXARM7UROMAW36YYBGPSUYY}}","time":"2022-10-14T22:45:33+08:00"}
{"level":"info","msg":"INFO:{CQIJH6NFQB3DXGVIGBPKW7Q5CSSZAQUBHYR7NLMC26L5QFPLDUZQ appl 24804098 ZLCQBSXNXR6R36N2DWPTO64NNGR2GVZFKRFRHO6YPVP2JHNQYKEX66FJRE 1000 1665758726 {990000 YCYGSCRIHGBOM6FDNMDQO5QV5SVPM4PZRKA22XDLR4S5KYX7YRGGSZUKLE}}","time":"2022-10-14T22:45:33+08:00"}
{"level":"info","msg":"INFO:{ROAENP4UBWOYZZ7FTANBWVD7U4U4KJZGWVBCZ5AB36PY7E7UKCBA appl 24804098 ZLCQBSXNXR6R36N2DWPTO64NNGR2GVZFKRFRHO6YPVP2JHNQYKEX66FJRE 1000 1665758726 {0 }}","time":"2022-10-14T22:45:33+08:00"}
{"level":"info","msg":"INFO:{XQ37CG7D6VYRJ45E25A3IEA3HTCKFAZLT4DURHFNSS6HTRTMJPMA appl 24804098 ZLCQBSXNXR6R36N2DWPTO64NNGR2GVZFKRFRHO6YPVP2JHNQYKEX66FJRE 1000 1665758726 {0 }}","time":"2022-10-14T22:45:33+08:00"}
{"level":"info","msg":"INFO:{JEDTFDZU5XIMGXEHVENDM3A6F3OSRJUZU2VNMH64G32HQDBNWUUQ pay 24804098 BFO7NQTTXGYDPUEWJYLWPFZRUFQISHY4E2SKXARM7UROMAW36YYBGPSUYY 1000 1665758726 {1 BFO7NQTTXGYDPUEWJYLWPFZRUFQISHY4E2SKXARM7UROMAW36YYBGPSUYY}}","time":"2022-10-14T22:45:33+08:00"}
{"level":"info","msg":"INFO:{RBOM46M5RM623XDNKJYRLC3HG4PXCS2PPXA6RHSWIPK7M6DO2VIA appl 24804098 SOBMTHCOG74HYQPENSVMPM3TXEWNZ46VPTZOIHJZ3WPOBWMYZSN3HMG3DA 1000 1665758726 {1 BFO7NQTTXGYDPUEWJYLWPFZRUFQISHY4E2SKXARM7UROMAW36YYBGPSUYY}}","time":"2022-10-14T22:45:33+08:00"}
{"level":"info","msg":"INFO:{76PIYELCPT25YFP3ZIYV3ZFLLPWYMEICONPKEUISNJHODS27Z2DQ appl 24804098 XRLMBT6LVVV22E35CRT5TFQKGQPQ4EE6X6K4U3XPQ3UOCRY5FYY7BFEBJE 1000 1665758726 {0 }}","time":"2022-10-14T22:45:33+08:00"}
{"level":"info","msg":"INFO:{AUEIHPCJSMH3ODST3Y57T2GVDJN4HH7HRHOLAXXWUUT5GRUDCEDQ appl 24804098 XRLMBT6LVVV22E35CRT5TFQKGQPQ4EE6X6K4U3XPQ3UOCRY5FYY7BFEBJE 1000 1665758726 {0 }}","time":"2022-10-14T22:45:33+08:00"}
{"level":"info","msg":"INFO:{GTJ6TXMLVBDJADX4EUZY4OQYVVUNPVDJ7GV5CYTU23XERJ6ZUNBA pay 24804098 BFO7NQTTXGYDPUEWJYLWPFZRUFQISHY4E2SKXARM7UROMAW36YYBGPSUYY 1000 1665758726 {1 BFO7NQTTXGYDPUEWJYLWPFZRUFQISHY4E2SKXARM7UROMAW36YYBGPSUYY}}","time":"2022-10-14T22:45:33+08:00"}
{"level":"info","msg":"INFO:{X2AIHXP36JCZZSTJ4XYQYDYNBBPVQGUOHCGEY7WNXFJKRCORNLIQ appl 24804098 XRLMBT6LVVV22E35CRT5TFQKGQPQ4EE6X6K4U3XPQ3UOCRY5FYY7BFEBJE 1000 1665758726 {0 }}","time":"2022-10-14T22:45:33+08:00"}
{"level":"info","msg":"INFO:{FLNMNZBYRGIZKJLVXHJPBJUQ5MP4OPUMQOFCUTPIQSZE2UAF54QA appl 24804098 XRLMBT6LVVV22E35CRT5TFQKGQPQ4EE6X6K4U3XPQ3UOCRY5FYY7BFEBJE 1000 1665758726 {0 }}","time":"2022-10-14T22:45:33+08:00"}
{"level":"info","msg":"INFO:{PUGACLDP4N6OYE2GV64LUNFHTFIHUG2KNMCXCOBVIWOIXGHAKEUQ pay 24804098 BFO7NQTTXGYDPUEWJYLWPFZRUFQISHY4E2SKXARM7UROMAW36YYBGPSUYY 1000 1665758726 {1 BFO7NQTTXGYDPUEWJYLWPFZRUFQISHY4E2SKXARM7UROMAW36YYBGPSUYY}}","time":"2022-10-14T22:45:33+08:00"}
{"level":"info","msg":"INFO:{4RFBWSBPEF6IQ5FEUREJPAAYXKM4QWM52TEDB7CM6TVHS2ICS3BQ appl 24804098 XRLMBT6LVVV22E35CRT5TFQKGQPQ4EE6X6K4U3XPQ3UOCRY5FYY7BFEBJE 1000 1665758726 {0 }}","time":"2022-10-14T22:45:33+08:00"}
{"level":"info","msg":"INFO:{DGYMGK5EPGIGSLZRVE5AEDF3Z4UZ4S2WFXX7NH44DS63PNJ6NY7Q pay 24804098 BFO7NQTTXGYDPUEWJYLWPFZRUFQISHY4E2SKXARM7UROMAW36YYBGPSUYY 1000 1665758726 {1 BFO7NQTTXGYDPUEWJYLWPFZRUFQISHY4E2SKXARM7UROMAW36YYBGPSUYY}}","time":"2022-10-14T22:45:33+08:00"}
{"level":"info","msg":"INFO:{P76Q52ON335CSOM4UOZIKYJQ3ULHH5PWV4N4ZJXBIB3GND3MZHRA appl 24804099 SOBMTHCOG74HYQPENSVMPM3TXEWNZ46VPTZOIHJZ3WPOBWMYZSN3HMG3DA 1000 1665758730 {1 BFO7NQTTXGYDPUEWJYLWPFZRUFQISHY4E2SKXARM7UROMAW36YYBGPSUYY}}","time":"2022-10-14T22:45:39+08:00"}
{"level":"info","msg":"INFO:{SZCGRM36KHB77A3WWPWN33A5QOT34KHBELVJFTVVYW7XZVDGYCEQ pay 24804099 BFO7NQTTXGYDPUEWJYLWPFZRUFQISHY4E2SKXARM7UROMAW36YYBGPSUYY 1000 1665758730 {1 BFO7NQTTXGYDPUEWJYLWPFZRUFQISHY4E2SKXARM7UROMAW36YYBGPSUYY}}","time":"2022-10-14T22:45:39+08:00"}
{"level":"info","msg":"INFO:{6TY76HKRJ2IWB5RG2RFHB4QKBQLLBLX5XPYJZEDKY5POG3IJXK5Q appl 24804099 NJCNMZCVZHJTQLQWRXJKUH3G4TZVPKRSBBAN6PCR2YBK33UI5OQAI6QIFI 1000 1665758730 {1 BFO7NQTTXGYDPUEWJYLWPFZRUFQISHY4E2SKXARM7UROMAW36YYBGPSUYY}}","time":"2022-10-14T22:45:39+08:00"}
{"level":"info","msg":"INFO:{SD2L5HFFNPI32YIRHMY7R4S6FEDVAMLVX6A4PVWSROOV4KQY7ZKA pay 24804099 UKAAKAN7WACJN6U36VW5JAI4ERVVVHA5EIIAJBHAYQWYYUXVM6JS5X4FEU 1000 1665758730 {201000 6S3UWDVXZOCMDVPXDN5GHH3LYO3GUPSGGDM7HU2ZPD3XB7FWYJSS5FSJRI}}","time":"2022-10-14T22:45:39+08:00"}
{"level":"info","msg":"INFO:{DKR3PT64JGT5WYLHIFDPJP4AMMPJ23S65KZCJI462R4X63R5EJVA acfg 24804099 6S3UWDVXZOCMDVPXDN5GHH3LYO3GUPSGGDM7HU2ZPD3XB7FWYJSS5FSJRI 1000 1665758730 {1 BFO7NQTTXGYDPUEWJYLWPFZRUFQISHY4E2SKXARM7UROMAW36YYBGPSUYY}}","time":"2022-10-14T22:45:39+08:00"}
{"level":"info","msg":"INFO:{4IHCYLQEC54YP5U6QSTZ7PCW7T4HZYY3LN5KSNZRSTSGF2BQUNCA pay 24804099 BFO7NQTTXGYDPUEWJYLWPFZRUFQISHY4E2SKXARM7UROMAW36YYBGPSUYY 1000 1665758730 {1 BFO7NQTTXGYDPUEWJYLWPFZRUFQISHY4E2SKXARM7UROMAW36YYBGPSUYY}}","time":"2022-10-14T22:45:39+08:00"}
{"level":"info","msg":"INFO:{VNNWWEIC6724DOWY6III7HZLYCFVZBI46VAXW4JWZH3L27CLPT3A appl 24804099 YKAKIOINCRH53FKE3GKXISMADT676KU53JD2AUYE3PJBQJJUQSJX32WYMM 1000 1665758730 {990000 YCYGSCRIHGBOM6FDNMDQO5QV5SVPM4PZRKA22XDLR4S5KYX7YRGGSZUKLE}}","time":"2022-10-14T22:45:39+08:00"}
{"level":"info","msg":"INFO:{RNEPCSBAQM2MF3MXZP4JN4MDAXXD6YXGPSMM2ZSXSYAIP55YYCMQ pay 24804099 BFO7NQTTXGYDPUEWJYLWPFZRUFQISHY4E2SKXARM7UROMAW36YYBGPSUYY 1000 1665758730 {1 BFO7NQTTXGYDPUEWJYLWPFZRUFQISHY4E2SKXARM7UROMAW36YYBGPSUYY}}","time":"2022-10-14T22:45:39+08:00"}
{"level":"info","msg":"INFO:{J77K5USLDKUCLZTT4Y7H7NMVAY66AKFMWPYUMK7KYJAUZPVCTKQQ appl 24804099 SOBMTHCOG74HYQPENSVMPM3TXEWNZ46VPTZOIHJZ3WPOBWMYZSN3HMG3DA 1000 1665758730 {0 }}","time":"2022-10-14T22:45:39+08:00"}
{"level":"info","msg":"INFO:{LAYHB7MKJW73VGFQRWL7FJZIZCRAQS2NFQBSSOGFXBQZEKONLOAA appl 24804100 CIORVXLOUCICNC4Q53SMPGZXDHCGNV55GQKLVVPCMM4KAXJVO4LOUC2OWU 1000 1665758733 {1 BFO7NQTTXGYDPUEWJYLWPFZRUFQISHY4E2SKXARM7UROMAW36YYBGPSUYY}}","time":"2022-10-14T22:45:40+08:00"}
{"level":"info","msg":"INFO:{N3AF3BZKI6YAIGIRORFILUNG3QP2WTTDM5OPOEZTJGGVXTL74DSA appl 24804100 SOBMTHCOG74HYQPENSVMPM3TXEWNZ46VPTZOIHJZ3WPOBWMYZSN3HMG3DA 1000 1665758733 {1 BFO7NQTTXGYDPUEWJYLWPFZRUFQISHY4E2SKXARM7UROMAW36YYBGPSUYY}}","time":"2022-10-14T22:45:40+08:00"}
{"level":"info","msg":"INFO:{TSTYDIB3CMD34DEF4IDOU7NE45RXQ7O2JMXZ7AYVMZZSYPQLCHOQ appl 24804101 SOBMTHCOG74HYQPENSVMPM3TXEWNZ46VPTZOIHJZ3WPOBWMYZSN3HMG3DA 1000 1665758737 {1 BFO7NQTTXGYDPUEWJYLWPFZRUFQISHY4E2SKXARM7UROMAW36YYBGPSUYY}}","time":"2022-10-14T22:45:47+08:00"}
{"level":"info","msg":"INFO:{HDBDQGNMTBTC3E3DYMES7KGDDX5O2FFIIJX7LODTV3QI4FFZWCTA pay 24804101 DFOE2Y2BBP4RFRGTL7QO3RGXS55GQRBJQNTWLTMCT6GDPCLBIB3VBEU2ZY 1000 1665758737 {100000 BFO7NQTTXGYDPUEWJYLWPFZRUFQISHY4E2SKXARM7UROMAW36YYBGPSUYY}}","time":"2022-10-14T22:45:47+08:00"}
{"level":"info","msg":"INFO:{QWHUNZ3BIE2GPW3BBVZIAYSPMAZQOZGOC5NKG2UQ2AKE3E3PSZ5A pay 24804101 HZ57J3K46JIJXILONBBZOHX6BKPXEM2VVXNRFSUED6DKFD5ZD24PMJ3MVA 1000 1665758737 {5000000 3PSSSOGP5HYYJXDCNDZZFZI5AMNDDO5NYN5RXZVNDE52E3X6XL4KFOHEN4}}","time":"2022-10-14T22:45:47+08:00"}
{"level":"info","msg":"INFO:{IXLGFAQM5USD6MKT4QVWE4LB2ZBWE4QBLVBDA6TTXUQ33DXL4VJA appl 24804101 SOBMTHCOG74HYQPENSVMPM3TXEWNZ46VPTZOIHJZ3WPOBWMYZSN3HMG3DA 1000 1665758737 {201000 6S3UWDVXZOCMDVPXDN5GHH3LYO3GUPSGGDM7HU2ZPD3XB7FWYJSS5FSJRI}}","time":"2022-10-14T22:45:47+08:00"}
{"level":"info","msg":"INFO:{CIGWISORZJO42EGSEU4MJHSGRIIMVUBOTLZEQBI6WXIWY6UNKP3A pay 24804101 FE3CQJGB2P5DJNYVDFTWFITOKFULYT2YSDETEC3JDYR6VYEFLJZAOMN6ZY 1000 1665758737 {1000000 FSQYQAODNWF3J6QU4FBJPKVLT6NVII2IOJCV6ME422KQG3ABJMRIU2CMEY}}","time":"2022-10-14T22:45:47+08:00"}
{"level":"info","msg":"INFO:{RLWUYMIUPB64FASTWIPL2RY4JJEQIMZNGXDES35YJZXGIHKXEDSQ appl 24804101 FE3CQJGB2P5DJNYVDFTWFITOKFULYT2YSDETEC3JDYR6VYEFLJZAOMN6ZY 1000 1665758737 {1 BFO7NQTTXGYDPUEWJYLWPFZRUFQISHY4E2SKXARM7UROMAW36YYBGPSUYY}}","time":"2022-10-14T22:45:47+08:00"}
{"level":"info","msg":"INFO:{IYIHDVPXHGYFB5A4ERPEKEFDFXLYCBQNPFFODWXZFM6SZXV2DEIA appl 24804102 SOBMTHCOG74HYQPENSVMPM3TXEWNZ46VPTZOIHJZ3WPOBWMYZSN3HMG3DA 1000 1665758741 {1 BFO7NQTTXGYDPUEWJYLWPFZRUFQISHY4E2SKXARM7UROMAW36YYBGPSUYY}}","time":"2022-10-14T22:45:48+08:00"}
{"level":"info","msg":"INFO:{BWG56NIREVKB6HVRRXFC2DIVJ5HIXAJCYOZHVNXXSTSCGJ4XEGUQ appl 24804102 SOBMTHCOG74HYQPENSVMPM3TXEWNZ46VPTZOIHJZ3WPOBWMYZSN3HMG3DA 1000 1665758741 {100000 BFO7NQTTXGYDPUEWJYLWPFZRUFQISHY4E2SKXARM7UROMAW36YYBGPSUYY}}","time":"2022-10-14T22:45:48+08:00"}
{"level":"info","msg":"INFO:{4YLJKITPVDFVGFQJCOZY27AN3U3K6FVEKRPJZHKF6AZOYR5QRPKQ pay 24804103 BFO7NQTTXGYDPUEWJYLWPFZRUFQISHY4E2SKXARM7UROMAW36YYBGPSUYY 1000 1665758744 {1 BFO7NQTTXGYDPUEWJYLWPFZRUFQISHY4E2SKXARM7UROMAW36YYBGPSUYY}}","time":"2022-10-14T22:45:54+08:00"}
{"level":"info","msg":"INFO:{KGFDKI5RSLAJCLQKJLMCO3Q7XMBBS7T5JWFLIFMJ23UMPSHFUJPA pay 24804103 BFO7NQTTXGYDPUEWJYLWPFZRUFQISHY4E2SKXARM7UROMAW36YYBGPSUYY 1000 1665758744 {1 BFO7NQTTXGYDPUEWJYLWPFZRUFQISHY4E2SKXARM7UROMAW36YYBGPSUYY}}","time":"2022-10-14T22:45:54+08:00"}
{"level":"info","msg":"INFO:{Z65PTRXIBBRROBZNOV7GVAJSLZT2K7NO2YVD2VS2JONSQBA4ZZDA pay 24804103 BFO7NQTTXGYDPUEWJYLWPFZRUFQISHY4E2SKXARM7UROMAW36YYBGPSUYY 1000 1665758744 {1 BFO7NQTTXGYDPUEWJYLWPFZRUFQISHY4E2SKXARM7UROMAW36YYBGPSUYY}}","time":"2022-10-14T22:45:54+08:00"}
{"level":"info","msg":"INFO:{7ZXVEHPMC626NZCU6L7U7UAUFUJ3S7FONQRF66PDRWIOSTC4NKQA pay 24804103 BFO7NQTTXGYDPUEWJYLWPFZRUFQISHY4E2SKXARM7UROMAW36YYBGPSUYY 1000 1665758744 {1 BFO7NQTTXGYDPUEWJYLWPFZRUFQISHY4E2SKXARM7UROMAW36YYBGPSUYY}}","time":"2022-10-14T22:45:54+08:00"}
{"level":"info","msg":"INFO:{2LSZ2PQ2FHOTGELAKXKUEESIH3GIC7B4JR5NM6RBV34AHKUQSE3A pay 24804103 BFO7NQTTXGYDPUEWJYLWPFZRUFQISHY4E2SKXARM7UROMAW36YYBGPSUYY 1000 1665758744 {1 BFO7NQTTXGYDPUEWJYLWPFZRUFQISHY4E2SKXARM7UROMAW36YYBGPSUYY}}","time":"2022-10-14T22:45:54+08:00"}
{"level":"info","msg":"INFO:{ZXKIYMILKOMYIJ2UO7U5BXGGMTTONSWTTYVULIJ63YTD44V5DEMA pay 24804103 BFO7NQTTXGYDPUEWJYLWPFZRUFQISHY4E2SKXARM7UROMAW36YYBGPSUYY 1000 1665758744 {1 BFO7NQTTXGYDPUEWJYLWPFZRUFQISHY4E2SKXARM7UROMAW36YYBGPSUYY}}","time":"2022-10-14T22:45:54+08:00"}
{"level":"info","msg":"INFO:{NVKFVCVJFHF62P5P4R65ZNJXUF62AQNRBAPZ4ZR3WPVNGCSN5HMA pay 24804103 BFO7NQTTXGYDPUEWJYLWPFZRUFQISHY4E2SKXARM7UROMAW36YYBGPSUYY 1000 1665758744 {1 BFO7NQTTXGYDPUEWJYLWPFZRUFQISHY4E2SKXARM7UROMAW36YYBGPSUYY}}","time":"2022-10-14T22:45:54+08:00"}
{"level":"info","msg":"INFO:{HOWZVQ255T7MYRNSYGJECKUBREEF2U5L33SXVBZBOG4LEG46EVUQ pay 24804103 BFO7NQTTXGYDPUEWJYLWPFZRUFQISHY4E2SKXARM7UROMAW36YYBGPSUYY 1000 1665758744 {1 BFO7NQTTXGYDPUEWJYLWPFZRUFQISHY4E2SKXARM7UROMAW36YYBGPSUYY}}","time":"2022-10-14T22:45:54+08:00"}
{"level":"info","msg":"INFO:{HZFCSPJUYVARKJ6G6ATGMADBALNJLQ6FFYDAGSTBRCK7S44EQJLQ pay 24804103 BFO7NQTTXGYDPUEWJYLWPFZRUFQISHY4E2SKXARM7UROMAW36YYBGPSUYY 1000 1665758744 {1 BFO7NQTTXGYDPUEWJYLWPFZRUFQISHY4E2SKXARM7UROMAW36YYBGPSUYY}}","time":"2022-10-14T22:45:54+08:00"}
{"level":"info","msg":"INFO:{WWYCUT5VVSQRWA75HAXT5SCU6FXMU7QXYWD7YNOHHQHIIW7UJF6A pay 24804103 BFO7NQTTXGYDPUEWJYLWPFZRUFQISHY4E2SKXARM7UROMAW36YYBGPSUYY 1000 1665758744 {1 BFO7NQTTXGYDPUEWJYLWPFZRUFQISHY4E2SKXARM7UROMAW36YYBGPSUYY}}","time":"2022-10-14T22:45:54+08:00"}
{"level":"info","msg":"INFO:{XQNYAK423N2FG26ATUWS5ROESD4MOAYAY6B5O5CCQL44JKK7MUZA pay 24804103 BFO7NQTTXGYDPUEWJYLWPFZRUFQISHY4E2SKXARM7UROMAW36YYBGPSUYY 1000 1665758744 {1 BFO7NQTTXGYDPUEWJYLWPFZRUFQISHY4E2SKXARM7UROMAW36YYBGPSUYY}}","time":"2022-10-14T22:45:54+08:00"}
{"level":"info","msg":"INFO:{ISUUIBFDUBF4SOVRZ5H555DZAB6KIKV6KCYI3KHVAF3PKZPIRBKA pay 24804103 BFO7NQTTXGYDPUEWJYLWPFZRUFQISHY4E2SKXARM7UROMAW36YYBGPSUYY 1000 1665758744 {1 BFO7NQTTXGYDPUEWJYLWPFZRUFQISHY4E2SKXARM7UROMAW36YYBGPSUYY}}","time":"2022-10-14T22:45:54+08:00"}
{"level":"info","msg":"INFO:{UBFK7JHYZSEBRK62RJGMOIIRC73XZK3MD5WV3OZA2AVV3FI22IGQ appl 24804103 SOBMTHCOG74HYQPENSVMPM3TXEWNZ46VPTZOIHJZ3WPOBWMYZSN3HMG3DA 1000 1665758744 {0 }}","time":"2022-10-14T22:45:54+08:00"}
{"level":"info","msg":"INFO:{ECK5RKMMZZVFRRM2HUTA4AVLJKI3RXNMG4CCCTRC7MRFJ6GFMXKA appl 24804103 VJLROTE56YZ4AQQIBZ4WJ6SKDUC2E2BRLHKJYQPZWKRV7D4OQLOFEDUEFE 1000 1665758744 {1 BFO7NQTTXGYDPUEWJYLWPFZRUFQISHY4E2SKXARM7UROMAW36YYBGPSUYY}}","time":"2022-10-14T22:45:54+08:00"}
{"level":"info","msg":"INFO:{GGBMOU7L43XBFNTOQXQ4RVLOYP2VKQ53DJZ2BZD7ESYUU4QOW62Q appl 24804103 SOBMTHCOG74HYQPENSVMPM3TXEWNZ46VPTZOIHJZ3WPOBWMYZSN3HMG3DA 1000 1665758744 {0 }}","time":"2022-10-14T22:45:54+08:00"}
{"level":"info","msg":"INFO:{CVAOD42NCHBSVLIXN74NNXTNNM6GEKLK6DFQ2AFXEJYFXQI5NF4Q appl 24804103 SOBMTHCOG74HYQPENSVMPM3TXEWNZ46VPTZOIHJZ3WPOBWMYZSN3HMG3DA 1000 1665758744 {0 }}","time":"2022-10-14T22:45:54+08:00"}
{"level":"info","msg":"INFO:{AJE3NPEKH4SNBP6EYLPVAO7WOI4RH3RPGP74UN3X7GGMIUTM4WKQ pay 24804103 BFO7NQTTXGYDPUEWJYLWPFZRUFQISHY4E2SKXARM7UROMAW36YYBGPSUYY 1000 1665758744 {1 BFO7NQTTXGYDPUEWJYLWPFZRUFQISHY4E2SKXARM7UROMAW36YYBGPSUYY}}","time":"2022-10-14T22:45:54+08:00"}
{"level":"info","msg":"INFO:{CAHD5OG44K4N5FSZWEYUCNZADJNK7YTZEAM7UM23R5BLJN3WG3JA pay 24804103 BFO7NQTTXGYDPUEWJYLWPFZRUFQISHY4E2SKXARM7UROMAW36YYBGPSUYY 1000 1665758744 {1 BFO7NQTTXGYDPUEWJYLWPFZRUFQISHY4E2SKXARM7UROMAW36YYBGPSUYY}}","time":"2022-10-14T22:45:54+08:00"}
{"level":"info","msg":"INFO:{52QOLKSQSHJQEBYNBEFIPB2AVAE2K5WOHVVAZ55NXU5DECIY3Y5A pay 24804103 BFO7NQTTXGYDPUEWJYLWPFZRUFQISHY4E2SKXARM7UROMAW36YYBGPSUYY 1000 1665758744 {1 BFO7NQTTXGYDPUEWJYLWPFZRUFQISHY4E2SKXARM7UROMAW36YYBGPSUYY}}","time":"2022-10-14T22:45:54+08:00"}
{"level":"info","msg":"INFO:{B63MP2I2VCTLRV4HUZ5ZZYI5FGPFWRLENJBIIISIQ5NB4WWHAWOQ pay 24804104 BFO7NQTTXGYDPUEWJYLWPFZRUFQISHY4E2SKXARM7UROMAW36YYBGPSUYY 1000 1665758748 {1 BFO7NQTTXGYDPUEWJYLWPFZRUFQISHY4E2SKXARM7UROMAW36YYBGPSUYY}}","time":"2022-10-14T22:45:55+08:00"}
{"level":"info","msg":"INFO:{AKJMOMB6FXVYAJ3DPGSB2KBXYNEYJE536R5ICHTBVLKWDAYZFS2Q appl 24804104 XRLMBT6LVVV22E35CRT5TFQKGQPQ4EE6X6K4U3XPQ3UOCRY5FYY7BFEBJE 1000 1665758748 {1 BFO7NQTTXGYDPUEWJYLWPFZRUFQISHY4E2SKXARM7UROMAW36YYBGPSUYY}}","time":"2022-10-14T22:45:55+08:00"}
{"level":"info","msg":"INFO:{ADS4N5VPYLOPZ6LVR3UGJ5GAAIL3YWPN3VGZVY6CXU4P4BNQRD3A appl 24804104 XRLMBT6LVVV22E35CRT5TFQKGQPQ4EE6X6K4U3XPQ3UOCRY5FYY7BFEBJE 1000 1665758748 {1 BFO7NQTTXGYDPUEWJYLWPFZRUFQISHY4E2SKXARM7UROMAW36YYBGPSUYY}}","time":"2022-10-14T22:45:55+08:00"}
{"level":"info","msg":"INFO:{TNJ6Z7SRGC3XS47IICAIE5CXG3HXGBBJLQC4T3NCHFHPOF6ID36Q acfg 24804104 3PSSSOGP5HYYJXDCNDZZFZI5AMNDDO5NYN5RXZVNDE52E3X6XL4KFOHEN4 1000 1665758748 {1 BFO7NQTTXGYDPUEWJYLWPFZRUFQISHY4E2SKXARM7UROMAW36YYBGPSUYY}}","time":"2022-10-14T22:45:55+08:00"}
{"level":"info","msg":"INFO:{CRYIFEEMBRKJBMKYRX4K7EKWQQLV4Z5STQYXDTQ7KMI2PBJ5GHSQ appl 24804104 XRLMBT6LVVV22E35CRT5TFQKGQPQ4EE6X6K4U3XPQ3UOCRY5FYY7BFEBJE 1000 1665758748 {1 BFO7NQTTXGYDPUEWJYLWPFZRUFQISHY4E2SKXARM7UROMAW36YYBGPSUYY}}","time":"2022-10-14T22:45:55+08:00"}
{"level":"info","msg":"INFO:{PXLE3CIJ4S7VWZCOJF5NO7WI6MVKOEQXGGOXSODR4UCTUNCXE3JA appl 24804104 XRLMBT6LVVV22E35CRT5TFQKGQPQ4EE6X6K4U3XPQ3UOCRY5FYY7BFEBJE 1000 1665758748 {1 BFO7NQTTXGYDPUEWJYLWPFZRUFQISHY4E2SKXARM7UROMAW36YYBGPSUYY}}","time":"2022-10-14T22:45:55+08:00"}
{"level":"info","msg":"INFO:{B7X3DZKBUS6LURFPY44FQ4WTTS7TUEUCYQNHTMU6U3FKT4T6YMNA appl 24804104 XRLMBT6LVVV22E35CRT5TFQKGQPQ4EE6X6K4U3XPQ3UOCRY5FYY7BFEBJE 1000 1665758748 {1 BFO7NQTTXGYDPUEWJYLWPFZRUFQISHY4E2SKXARM7UROMAW36YYBGPSUYY}}","time":"2022-10-14T22:45:55+08:00"}
{"level":"info","msg":"INFO:{UK5QHXWC4JPYR3E36BCDBK4H7OX4OYBJMX5CG2FUV2PRY6RD4HKQ pay 24804104 BFO7NQTTXGYDPUEWJYLWPFZRUFQISHY4E2SKXARM7UROMAW36YYBGPSUYY 1000 1665758748 {1 BFO7NQTTXGYDPUEWJYLWPFZRUFQISHY4E2SKXARM7UROMAW36YYBGPSUYY}}","time":"2022-10-14T22:45:55+08:00"}
{"level":"info","msg":"INFO:{LAU3R5CEN5BNNVFEVG4SNLQY7K33BXY6PJND5OHDXVYT6SFTILRQ appl 24804104 XRLMBT6LVVV22E35CRT5TFQKGQPQ4EE6X6K4U3XPQ3UOCRY5FYY7BFEBJE 1000 1665758748 {1 BFO7NQTTXGYDPUEWJYLWPFZRUFQISHY4E2SKXARM7UROMAW36YYBGPSUYY}}","time":"2022-10-14T22:45:55+08:00"}
{"level":"info","msg":"INFO:{PDX32CFX24SY7LPWKCB4OX542GCTSGCO45YBBLUMSO3C3I6XNFRA pay 24804104 BFO7NQTTXGYDPUEWJYLWPFZRUFQISHY4E2SKXARM7UROMAW36YYBGPSUYY 1000 1665758748 {1 BFO7NQTTXGYDPUEWJYLWPFZRUFQISHY4E2SKXARM7UROMAW36YYBGPSUYY}}","time":"2022-10-14T22:45:55+08:00"}
{"level":"info","msg":"INFO:{SHKREI7DAMP5SRRVGTKRO4REUHGP3IPLEAYEVNGDL74XTEZDXS2A pay 24804104 BFO7NQTTXGYDPUEWJYLWPFZRUFQISHY4E2SKXARM7UROMAW36YYBGPSUYY 1000 1665758748 {1 BFO7NQTTXGYDPUEWJYLWPFZRUFQISHY4E2SKXARM7UROMAW36YYBGPSUYY}}","time":"2022-10-14T22:45:55+08:00"}
{"level":"info","msg":"INFO:{K2LTCR2I2TWOYRDYDECYGN63GKFNAPB3FJ3ZPZXIRS5PJEBV26SQ pay 24804105 BFO7NQTTXGYDPUEWJYLWPFZRUFQISHY4E2SKXARM7UROMAW36YYBGPSUYY 1000 1665758752 {1 BFO7NQTTXGYDPUEWJYLWPFZRUFQISHY4E2SKXARM7UROMAW36YYBGPSUYY}}","time":"2022-10-14T22:46:02+08:00"}
{"level":"info","msg":"INFO:{7RAG4RKGX2RUIXCPVPLRVFP6IEUCC7SFZQPQBX4PMNNZVX42VF3Q pay 24804105 BFO7NQTTXGYDPUEWJYLWPFZRUFQISHY4E2SKXARM7UROMAW36YYBGPSUYY 1000 1665758752 {1 BFO7NQTTXGYDPUEWJYLWPFZRUFQISHY4E2SKXARM7UROMAW36YYBGPSUYY}}","time":"2022-10-14T22:46:02+08:00"}
{"level":"info","msg":"INFO:{BON6THV2NBRXBCHQN6ZLUAVVRQKQVLCFXXBRL2A4BC4C7C26DTAQ pay 24804105 BFO7NQTTXGYDPUEWJYLWPFZRUFQISHY4E2SKXARM7UROMAW36YYBGPSUYY 1000 1665758752 {1 BFO7NQTTXGYDPUEWJYLWPFZRUFQISHY4E2SKXARM7UROMAW36YYBGPSUYY}}","time":"2022-10-14T22:46:02+08:00"}
{"level":"info","msg":"INFO:{JQ6QJYXUBHVBER7QMQYDU24U3QJ2JIYWJ4YEJQV3QQG7EPGZO3HA pay 24804106 BFO7NQTTXGYDPUEWJYLWPFZRUFQISHY4E2SKXARM7UROMAW36YYBGPSUYY 1000 1665758755 {1 BFO7NQTTXGYDPUEWJYLWPFZRUFQISHY4E2SKXARM7UROMAW36YYBGPSUYY}}","time":"2022-10-14T22:46:03+08:00"}
{"level":"info","msg":"INFO:{ODBE2U2MIVGPEEMRUDXSXDNZAWSL4KKUHS6PPGTSDDAUGU74NJ7A appl 24804106 ZLCQBSXNXR6R36N2DWPTO64NNGR2GVZFKRFRHO6YPVP2JHNQYKEX66FJRE 1000 1665758755 {1 BFO7NQTTXGYDPUEWJYLWPFZRUFQISHY4E2SKXARM7UROMAW36YYBGPSUYY}}","time":"2022-10-14T22:46:03+08:00"}
{"level":"info","msg":"INFO:{LDNZQVB3Y5RTSLF3NG3IMXJU7TMVLLMGOXFSZY4DTQJGIH3PIPZA appl 24804106 ZLCQBSXNXR6R36N2DWPTO64NNGR2GVZFKRFRHO6YPVP2JHNQYKEX66FJRE 1000 1665758755 {1 BFO7NQTTXGYDPUEWJYLWPFZRUFQISHY4E2SKXARM7UROMAW36YYBGPSUYY}}","time":"2022-10-14T22:46:03+08:00"}
{"level":"info","msg":"INFO:{WZO6SLKKOV6ROLPOFQ52H2YPOLYPB4IGO44ZPHMUWMNG53UQY5VA appl 24804106 ZLCQBSXNXR6R36N2DWPTO64NNGR2GVZFKRFRHO6YPVP2JHNQYKEX66FJRE 1000 1665758755 {1 BFO7NQTTXGYDPUEWJYLWPFZRUFQISHY4E2SKXARM7UROMAW36YYBGPSUYY}}","time":"2022-10-14T22:46:03+08:00"}
{"level":"info","msg":"INFO:{KNIW2EXU6EYFLJ2QYRCPLQNXXI323G4C2EG7AKWPY2AQK23DBXWA appl 24804106 ZLCQBSXNXR6R36N2DWPTO64NNGR2GVZFKRFRHO6YPVP2JHNQYKEX66FJRE 1000 1665758755 {1 BFO7NQTTXGYDPUEWJYLWPFZRUFQISHY4E2SKXARM7UROMAW36YYBGPSUYY}}","time":"2022-10-14T22:46:03+08:00"}
{"level":"info","msg":"INFO:{BAGLHUH2DQESI4CF4DXL2XVJXRBD6FGJAQ7XBS56JKUHVLY4647Q appl 24804106 ZLCQBSXNXR6R36N2DWPTO64NNGR2GVZFKRFRHO6YPVP2JHNQYKEX66FJRE 1000 1665758755 {1 BFO7NQTTXGYDPUEWJYLWPFZRUFQISHY4E2SKXARM7UROMAW36YYBGPSUYY}}","time":"2022-10-14T22:46:03+08:00"}
{"level":"info","msg":"INFO:{3DDS6I3UOJLU5HIL7N3P4L55N6N6W2WTQP2QKSJ4DVIAGNIUA5AA appl 24804106 ZLCQBSXNXR6R36N2DWPTO64NNGR2GVZFKRFRHO6YPVP2JHNQYKEX66FJRE 1000 1665758755 {1 BFO7NQTTXGYDPUEWJYLWPFZRUFQISHY4E2SKXARM7UROMAW36YYBGPSUYY}}","time":"2022-10-14T22:46:03+08:00"}
{"level":"info","msg":"INFO:{XNJ2JYTS4N6BS6HRWYOMK56EYYEII74NAWGM4EEKCSHRJCS7RVCQ appl 24804106 ZLCQBSXNXR6R36N2DWPTO64NNGR2GVZFKRFRHO6YPVP2JHNQYKEX66FJRE 1000 1665758755 {1 BFO7NQTTXGYDPUEWJYLWPFZRUFQISHY4E2SKXARM7UROMAW36YYBGPSUYY}}","time":"2022-10-14T22:46:03+08:00"}
{"level":"info","msg":"INFO:{Y3JHJRKQE3FP3QNPKSNCAH37N7TMA2MRDBRQH5VNH3WLH6LTJ7XA appl 24804106 ZLCQBSXNXR6R36N2DWPTO64NNGR2GVZFKRFRHO6YPVP2JHNQYKEX66FJRE 1000 1665758755 {1 BFO7NQTTXGYDPUEWJYLWPFZRUFQISHY4E2SKXARM7UROMAW36YYBGPSUYY}}","time":"2022-10-14T22:46:03+08:00"}
{"level":"info","msg":"INFO:{THOHSIMNJMPSE7QFH6QMKUKEQ3VJ6476DKHCIUVSKFGPNJSS5UMA appl 24804106 ZLCQBSXNXR6R36N2DWPTO64NNGR2GVZFKRFRHO6YPVP2JHNQYKEX66FJRE 1000 1665758755 {1 BFO7NQTTXGYDPUEWJYLWPFZRUFQISHY4E2SKXARM7UROMAW36YYBGPSUYY}}","time":"2022-10-14T22:46:03+08:00"}
{"level":"info","msg":"INFO:{F4FWJMPKIMKEEHMPF5SDT4CF2BSCLBM66JIZYCUWW53JP22CAZ5A pay 24804106 BFO7NQTTXGYDPUEWJYLWPFZRUFQISHY4E2SKXARM7UROMAW36YYBGPSUYY 1000 1665758755 {1 BFO7NQTTXGYDPUEWJYLWPFZRUFQISHY4E2SKXARM7UROMAW36YYBGPSUYY}}","time":"2022-10-14T22:46:03+08:00"}
{"level":"info","msg":"INFO:{EEWHAWGXN6APJNQYADYWTXOQQBDKYJMK4UVLAES4FFZ5BLNY6JCQ pay 24804106 BFO7NQTTXGYDPUEWJYLWPFZRUFQISHY4E2SKXARM7UROMAW36YYBGPSUYY 1000 1665758755 {1 BFO7NQTTXGYDPUEWJYLWPFZRUFQISHY4E2SKXARM7UROMAW36YYBGPSUYY}}","time":"2022-10-14T22:46:03+08:00"}
{"level":"info","msg":"INFO:{IQZJG7PEGMCD7QGM4I2J452LVZ6X7V7RXDURJXLP4FOLTTZ6SGQQ pay 24804106 BFO7NQTTXGYDPUEWJYLWPFZRUFQISHY4E2SKXARM7UROMAW36YYBGPSUYY 1000 1665758755 {1 BFO7NQTTXGYDPUEWJYLWPFZRUFQISHY4E2SKXARM7UROMAW36YYBGPSUYY}}","time":"2022-10-14T22:46:03+08:00"}
{"level":"info","msg":"INFO:{RFII2LYCGIQWZB73OTSICP6N2YL4J3RLDHM7FC2D657YVEFUJYBA pay 24804107 BFO7NQTTXGYDPUEWJYLWPFZRUFQISHY4E2SKXARM7UROMAW36YYBGPSUYY 1000 1665758759 {1 BFO7NQTTXGYDPUEWJYLWPFZRUFQISHY4E2SKXARM7UROMAW36YYBGPSUYY}}","time":"2022-10-14T22:46:11+08:00"}
{"level":"info","msg":"INFO:{VSRS2GBPDTNQLUX4DE4VY232HBFRP4SFU2DT7S2VC435KKKFQIIQ pay 24804107 BFO7NQTTXGYDPUEWJYLWPFZRUFQISHY4E2SKXARM7UROMAW36YYBGPSUYY 1000 1665758759 {1 BFO7NQTTXGYDPUEWJYLWPFZRUFQISHY4E2SKXARM7UROMAW36YYBGPSUYY}}","time":"2022-10-14T22:46:11+08:00"}
{"level":"info","msg":"INFO:{XUKPFPZ5BEXGB4X4575IHCF5BZFZ7MOEGEIMTA7PAPTVEOAQFKMA pay 24804107 BFO7NQTTXGYDPUEWJYLWPFZRUFQISHY4E2SKXARM7UROMAW36YYBGPSUYY 1000 1665758759 {1 BFO7NQTTXGYDPUEWJYLWPFZRUFQISHY4E2SKXARM7UROMAW36YYBGPSUYY}}","time":"2022-10-14T22:46:11+08:00"}
{"level":"info","msg":"INFO:{Q7WNAR65M5OE6ANNJEFNMMO3SKAMVXWQM55SF43IAMQAC7XYQ3KQ appl 24804107 BX7DE4WGKPMZHR5ASXRWF2SQU5RNRWM3IXUNJ5T5LZMLVUYS3VCWI426NA 1000 1665758759 {1 BFO7NQTTXGYDPUEWJYLWPFZRUFQISHY4E2SKXARM7UROMAW36YYBGPSUYY}}","time":"2022-10-14T22:46:11+08:00"}
{"level":"info","msg":"INFO:{QCVU3QAUKZ3PNFVEYBJNR2FWDBXMAJZ4FZCAWDEIRRZRT4K5FSEA pay 24804107 BFO7NQTTXGYDPUEWJYLWPFZRUFQISHY4E2SKXARM7UROMAW36YYBGPSUYY 1000 1665758759 {1 BFO7NQTTXGYDPUEWJYLWPFZRUFQISHY4E2SKXARM7UROMAW36YYBGPSUYY}}","time":"2022-10-14T22:46:11+08:00"}
{"level":"info","msg":"INFO:{IG77XSJZITEAX7TDREDZ3BCUQMTZM6PBB5Z6OK2LRBWJKNFKEBCQ pay 24804108 BFO7NQTTXGYDPUEWJYLWPFZRUFQISHY4E2SKXARM7UROMAW36YYBGPSUYY 1000 1665758763 {1 BFO7NQTTXGYDPUEWJYLWPFZRUFQISHY4E2SKXARM7UROMAW36YYBGPSUYY}}","time":"2022-10-14T22:46:12+08:00"}
{"level":"info","msg":"INFO:{JOY5RF7UN7OMCMDCPYSW4R3BK7BDFY27OELWPQEXOZLETRIHIKNA appl 24804108 NRZ32WFQXN5AONZABHW4F5RI3XOVPZ7IFC5KC5IEHF7VZU5KMB2ZN6RBIQ 1000 1665758763 {1 BFO7NQTTXGYDPUEWJYLWPFZRUFQISHY4E2SKXARM7UROMAW36YYBGPSUYY}}","time":"2022-10-14T22:46:12+08:00"}
{"level":"info","msg":"INFO:{VEBWD6RVVVSNAZAHYNCYBCIRNBKDO7GBJ6DNRNHSYM4T6KCE3HHQ pay 24804108 BFO7NQTTXGYDPUEWJYLWPFZRUFQISHY4E2SKXARM7UROMAW36YYBGPSUYY 1000 1665758763 {1 BFO7NQTTXGYDPUEWJYLWPFZRUFQISHY4E2SKXARM7UROMAW36YYBGPSUYY}}","time":"2022-10-14T22:46:12+08:00"}
{"level":"info","msg":"INFO:{WPUMXN3AQUH6AZUITQJ2NCCTXW2JD6AY3P5QYOGGMHOVOUP4WGQQ pay 24804108 BFO7NQTTXGYDPUEWJYLWPFZRUFQISHY4E2SKXARM7UROMAW36YYBGPSUYY 1000 1665758763 {1 BFO7NQTTXGYDPUEWJYLWPFZRUFQISHY4E2SKXARM7UROMAW36YYBGPSUYY}}","time":"2022-10-14T22:46:12+08:00"}
{"level":"info","msg":"INFO:{YADTX4FARXAC2R2HQAPEUKBLCGJV4KGHQVSF2RT2RDCGRJ5MOVLQ pay 24804109 BFO7NQTTXGYDPUEWJYLWPFZRUFQISHY4E2SKXARM7UROMAW36YYBGPSUYY 1000 1665758766 {1 BFO7NQTTXGYDPUEWJYLWPFZRUFQISHY4E2SKXARM7UROMAW36YYBGPSUYY}}","time":"2022-10-14T22:46:13+08:00"}
{"level":"info","msg":"INFO:{XSCMZCJUITLTQLEKIFEYXOYIXUKSBZO5OL4HM4J7BC5XPIFDUDXQ pay 24804109 BFO7NQTTXGYDPUEWJYLWPFZRUFQISHY4E2SKXARM7UROMAW36YYBGPSUYY 1000 1665758766 {1 BFO7NQTTXGYDPUEWJYLWPFZRUFQISHY4E2SKXARM7UROMAW36YYBGPSUYY}}","time":"2022-10-14T22:46:13+08:00"}
{"level":"info","msg":"INFO:{PBK2YAB3NMXMWYUO76H7Q4QK25QK7XN2GXD7HN4BHO2SSGUAFU2A pay 24804109 BFO7NQTTXGYDPUEWJYLWPFZRUFQISHY4E2SKXARM7UROMAW36YYBGPSUYY 1000 1665758766 {1 BFO7NQTTXGYDPUEWJYLWPFZRUFQISHY4E2SKXARM7UROMAW36YYBGPSUYY}}","time":"2022-10-14T22:46:13+08:00"}
{"level":"info","msg":"INFO:{YN5IDLYVSWP43MCYTLQ52DNMOMOG7SOCI5ZAAG5C35MRXBD745TA pay 24804109 BFO7NQTTXGYDPUEWJYLWPFZRUFQISHY4E2SKXARM7UROMAW36YYBGPSUYY 1000 1665758766 {1 BFO7NQTTXGYDPUEWJYLWPFZRUFQISHY4E2SKXARM7UROMAW36YYBGPSUYY}}","time":"2022-10-14T22:46:13+08:00"}
{"level":"info","msg":"INFO:{YADTX4FARXAC2R2HQAPEUKBLCGJV4KGHQVSF2RT2RDCGRJ5MOVLQ pay 24804109 BFO7NQTTXGYDPUEWJYLWPFZRUFQISHY4E2SKXARM7UROMAW36YYBGPSUYY 1000 1665758766 {1 BFO7NQTTXGYDPUEWJYLWPFZRUFQISHY4E2SKXARM7UROMAW36YYBGPSUYY}}","time":"2022-10-14T22:46:18+08:00"}
{"level":"info","msg":"INFO:{XSCMZCJUITLTQLEKIFEYXOYIXUKSBZO5OL4HM4J7BC5XPIFDUDXQ pay 24804109 BFO7NQTTXGYDPUEWJYLWPFZRUFQISHY4E2SKXARM7UROMAW36YYBGPSUYY 1000 1665758766 {1 BFO7NQTTXGYDPUEWJYLWPFZRUFQISHY4E2SKXARM7UROMAW36YYBGPSUYY}}","time":"2022-10-14T22:46:18+08:00"}
{"level":"info","msg":"INFO:{PBK2YAB3NMXMWYUO76H7Q4QK25QK7XN2GXD7HN4BHO2SSGUAFU2A pay 24804109 BFO7NQTTXGYDPUEWJYLWPFZRUFQISHY4E2SKXARM7UROMAW36YYBGPSUYY 1000 1665758766 {1 BFO7NQTTXGYDPUEWJYLWPFZRUFQISHY4E2SKXARM7UROMAW36YYBGPSUYY}}","time":"2022-10-14T22:46:18+08:00"}
{"level":"info","msg":"INFO:{YN5IDLYVSWP43MCYTLQ52DNMOMOG7SOCI5ZAAG5C35MRXBD745TA pay 24804109 BFO7NQTTXGYDPUEWJYLWPFZRUFQISHY4E2SKXARM7UROMAW36YYBGPSUYY 1000 1665758766 {1 BFO7NQTTXGYDPUEWJYLWPFZRUFQISHY4E2SKXARM7UROMAW36YYBGPSUYY}}","time":"2022-10-14T22:46:18+08:00"}
{"level":"info","msg":"INFO:{35BQWAYFB6OB4UO7Z4YCDAD5NBQMEBZ7VMB42E4FLZ4V42XQEZIA pay 24804110 BFO7NQTTXGYDPUEWJYLWPFZRUFQISHY4E2SKXARM7UROMAW36YYBGPSUYY 1000 1665758770 {1 BFO7NQTTXGYDPUEWJYLWPFZRUFQISHY4E2SKXARM7UROMAW36YYBGPSUYY}}","time":"2022-10-14T22:46:19+08:00"}
{"level":"info","msg":"INFO:{3MN7ADAJSCIDUQ2ILPWYXAOBR5QBHP752HACK4NTAKQEMBCGG4YQ pay 24804110 BFO7NQTTXGYDPUEWJYLWPFZRUFQISHY4E2SKXARM7UROMAW36YYBGPSUYY 1000 1665758770 {1 BFO7NQTTXGYDPUEWJYLWPFZRUFQISHY4E2SKXARM7UROMAW36YYBGPSUYY}}","time":"2022-10-14T22:46:19+08:00"}
{"level":"info","msg":"INFO:{JDFFSGMFD4H72D65X7PF3DJRGCRTEIPSHSO5CSZ72RZY6WCF7F2Q pay 24804110 BFO7NQTTXGYDPUEWJYLWPFZRUFQISHY4E2SKXARM7UROMAW36YYBGPSUYY 1000 1665758770 {1 BFO7NQTTXGYDPUEWJYLWPFZRUFQISHY4E2SKXARM7UROMAW36YYBGPSUYY}}","time":"2022-10-14T22:46:19+08:00"}
{"level":"info","msg":"INFO:{4EA3ZRF5MXCPQJWS5WQKMVB5QCEP3JUMK2EDMW3U5ZOVNUEKGXQA pay 24804110 BFO7NQTTXGYDPUEWJYLWPFZRUFQISHY4E2SKXARM7UROMAW36YYBGPSUYY 1000 1665758770 {1 BFO7NQTTXGYDPUEWJYLWPFZRUFQISHY4E2SKXARM7UROMAW36YYBGPSUYY}}","time":"2022-10-14T22:46:19+08:00"}
{"level":"info","msg":"INFO:{YSAL4EPFF3I5HKIFSE6A4HHYSOVE33XDXP3VZ6VXOBXWDCLEA64Q pay 24804111 BFO7NQTTXGYDPUEWJYLWPFZRUFQISHY4E2SKXARM7UROMAW36YYBGPSUYY 1000 1665758774 {1 BFO7NQTTXGYDPUEWJYLWPFZRUFQISHY4E2SKXARM7UROMAW36YYBGPSUYY}}","time":"2022-10-14T22:46:20+08:00"}
{"level":"info","msg":"INFO:{W2OK3OX2YUGL6GWKQZTUH6FVMDQYQ5FXLXE4BUE72NL75XHKVOCA pay 24804111 UKAAKAN7WACJN6U36VW5JAI4ERVVVHA5EIIAJBHAYQWYYUXVM6JS5X4FEU 1000 1665758774 {201000 6S3UWDVXZOCMDVPXDN5GHH3LYO3GUPSGGDM7HU2ZPD3XB7FWYJSS5FSJRI}}","time":"2022-10-14T22:46:20+08:00"}
{"level":"info","msg":"INFO:{Z4ZIQAGS7D5ZU7I3HH2FFYE6H72FF5WTU73N5ZZX7A7FEWVUUN4A acfg 24804111 6S3UWDVXZOCMDVPXDN5GHH3LYO3GUPSGGDM7HU2ZPD3XB7FWYJSS5FSJRI 1000 1665758774 {1 BFO7NQTTXGYDPUEWJYLWPFZRUFQISHY4E2SKXARM7UROMAW36YYBGPSUYY}}","time":"2022-10-14T22:46:20+08:00"}
{"level":"info","msg":"INFO:{DV5OR2NGNJOYQLN5ECYL76YL4AZZKOXKYFPAZKFKNMWXH6DQMIZA pay 24804111 BFO7NQTTXGYDPUEWJYLWPFZRUFQISHY4E2SKXARM7UROMAW36YYBGPSUYY 1000 1665758774 {1 BFO7NQTTXGYDPUEWJYLWPFZRUFQISHY4E2SKXARM7UROMAW36YYBGPSUYY}}","time":"2022-10-14T22:46:20+08:00"}
{"level":"info","msg":"INFO:{3OR4PK26F6AATFNW6X2J6KNRXONXN74EELWCUSFWG5EMU77O7LQA appl 24804111 XRLMBT6LVVV22E35CRT5TFQKGQPQ4EE6X6K4U3XPQ3UOCRY5FYY7BFEBJE 1000 1665758774 {0 }}","time":"2022-10-14T22:46:20+08:00"}
{"level":"info","msg":"INFO:{L5UIJMH3YQ2A47ONR4QDUPZLZRAAZTTWE5YXYUVJ7UXFL7FB43OQ appl 24804111 XRLMBT6LVVV22E35CRT5TFQKGQPQ4EE6X6K4U3XPQ3UOCRY5FYY7BFEBJE 1000 1665758774 {0 }}","time":"2022-10-14T22:46:20+08:00"}
{"level":"info","msg":"INFO:{PFCERTP6S3GLXUXTH4TXQUKXCYT3ZTOUIGRWQI6XLA47E4KQC2ZA pay 24804111 FE3CQJGB2P5DJNYVDFTWFITOKFULYT2YSDETEC3JDYR6VYEFLJZAOMN6ZY 1000 1665758774 {2000000 FSQYQAODNWF3J6QU4FBJPKVLT6NVII2IOJCV6ME422KQG3ABJMRIU2CMEY}}","time":"2022-10-14T22:46:20+08:00"}
{"level":"info","msg":"INFO:{ER7Y4SFUCRXDZETJJGEHS6OZG3HFLQXEHIEORET3JV6QUJUWAKNQ appl 24804111 FE3CQJGB2P5DJNYVDFTWFITOKFULYT2YSDETEC3JDYR6VYEFLJZAOMN6ZY 1000 1665758774 {0 }}","time":"2022-10-14T22:46:20+08:00"}
{"level":"info","msg":"INFO:{GV26F64FP2AQQ4AXDPNBTAFJDU53RVIPZEI624CPWWUFACAYL2AA appl 24804111 XRLMBT6LVVV22E35CRT5TFQKGQPQ4EE6X6K4U3XPQ3UOCRY5FYY7BFEBJE 1000 1665758774 {0 }}","time":"2022-10-14T22:46:20+08:00"}
{"level":"info","msg":"INFO:{5F6W2474IQ3IRG2GAOTHS2UWFBOX2YGGB5CFCUNXBPDRA42AOVGA appl 24804111 XRLMBT6LVVV22E35CRT5TFQKGQPQ4EE6X6K4U3XPQ3UOCRY5FYY7BFEBJE 1000 1665758774 {0 }}","time":"2022-10-14T22:46:20+08:00"}
{"level":"info","msg":"INFO:{FG7PISRTKN7YBBGUEDJAEKLIQ2WJYV3OFSGAK2LR2AUIQT6TERYQ pay 24804111 BFO7NQTTXGYDPUEWJYLWPFZRUFQISHY4E2SKXARM7UROMAW36YYBGPSUYY 1000 1665758774 {1 BFO7NQTTXGYDPUEWJYLWPFZRUFQISHY4E2SKXARM7UROMAW36YYBGPSUYY}}","time":"2022-10-14T22:46:20+08:00"}
{"level":"info","msg":"INFO:{GM46X6OARJDJV2GBS46Q7SHWOA2NJ3U6MMP2MIN6VYZOFQCKL7HQ appl 24804111 XRLMBT6LVVV22E35CRT5TFQKGQPQ4EE6X6K4U3XPQ3UOCRY5FYY7BFEBJE 1000 1665758774 {0 }}","time":"2022-10-14T22:46:20+08:00"}
{"level":"info","msg":"INFO:{ONM7LUI72746YOSNUUZ5U5BCTZECWI7MD6224IYDL6XHR6UZHJAQ appl 24804111 XRLMBT6LVVV22E35CRT5TFQKGQPQ4EE6X6K4U3XPQ3UOCRY5FYY7BFEBJE 1000 1665758774 {0 }}","time":"2022-10-14T22:46:20+08:00"}
{"level":"info","msg":"INFO:{CQ73GWETB32IIH2XYCKVAJDRVZCAKZYAMOYJDG6M64LKGGEBKNBA appl 24804112 XRLMBT6LVVV22E35CRT5TFQKGQPQ4EE6X6K4U3XPQ3UOCRY5FYY7BFEBJE 1000 1665758777 {1 BFO7NQTTXGYDPUEWJYLWPFZRUFQISHY4E2SKXARM7UROMAW36YYBGPSUYY}}","time":"2022-10-14T22:46:27+08:00"}
{"level":"info","msg":"INFO:{O2XZQEXKGJITJG6LFCVPSR3QPIMLKVBACDMSB67O3QFGYJ7TK2GQ appl 24804112 XRLMBT6LVVV22E35CRT5TFQKGQPQ4EE6X6K4U3XPQ3UOCRY5FYY7BFEBJE 1000 1665758777 {201000 6S3UWDVXZOCMDVPXDN5GHH3LYO3GUPSGGDM7HU2ZPD3XB7FWYJSS5FSJRI}}","time":"2022-10-14T22:46:27+08:00"}
{"level":"info","msg":"INFO:{PTBCSNRXVB5MF2UFIRDIWNVJWB4E7UH4G5XRLWJAZHBQ42Y4MA6Q pay 24804112 BFO7NQTTXGYDPUEWJYLWPFZRUFQISHY4E2SKXARM7UROMAW36YYBGPSUYY 1000 1665758777 {1 BFO7NQTTXGYDPUEWJYLWPFZRUFQISHY4E2SKXARM7UROMAW36YYBGPSUYY}}","time":"2022-10-14T22:46:27+08:00"}
{"level":"info","msg":"INFO:{HI57P2WCYAA57YUXHS2X26737LDNA72JBWO463M7YY3QEIKUEIZQ appl 24804112 XRLMBT6LVVV22E35CRT5TFQKGQPQ4EE6X6K4U3XPQ3UOCRY5FYY7BFEBJE 1000 1665758777 {1 BFO7NQTTXGYDPUEWJYLWPFZRUFQISHY4E2SKXARM7UROMAW36YYBGPSUYY}}","time":"2022-10-14T22:46:27+08:00"}
{"level":"info","msg":"INFO:{2QXYP6XXHJRSEGR5I7G7YOVRMF3SRDQA423BL2HLAB2QI5GGDR5A pay 24804112 BFO7NQTTXGYDPUEWJYLWPFZRUFQISHY4E2SKXARM7UROMAW36YYBGPSUYY 1000 1665758777 {1 BFO7NQTTXGYDPUEWJYLWPFZRUFQISHY4E2SKXARM7UROMAW36YYBGPSUYY}}","time":"2022-10-14T22:46:27+08:00"}
{"level":"info","msg":"INFO:{VGQFVD4RDXO5KOLLZ4ITCOPQN42ADJKKE4GT2WZEW5SOHI5TVH3A pay 24804112 BFO7NQTTXGYDPUEWJYLWPFZRUFQISHY4E2SKXARM7UROMAW36YYBGPSUYY 1000 1665758777 {1 BFO7NQTTXGYDPUEWJYLWPFZRUFQISHY4E2SKXARM7UROMAW36YYBGPSUYY}}","time":"2022-10-14T22:46:27+08:00"}
{"level":"info","msg":"INFO:{SVWGB3V3BOXBPV7TLILTVHBERLTGNJLZLIA4KNPSNRMJAZWUNZRA pay 24804112 BFO7NQTTXGYDPUEWJYLWPFZRUFQISHY4E2SKXARM7UROMAW36YYBGPSUYY 1000 1665758777 {1 BFO7NQTTXGYDPUEWJYLWPFZRUFQISHY4E2SKXARM7UROMAW36YYBGPSUYY}}","time":"2022-10-14T22:46:27+08:00"}
{"level":"info","msg":"INFO:{ZAYNQHEJAJSTDBZ7L4BU5HCZVOJIY4YDMF7IIG4XLP37TVBRGEMA appl 24804113 6DJL462RP2DWBGMJIPDQ5PJCXRJKI34Z4GRWB3MEPAGRBAPTBL7U42RDYI 1000 1665758781 {1 BFO7NQTTXGYDPUEWJYLWPFZRUFQISHY4E2SKXARM7UROMAW36YYBGPSUYY}}","time":"2022-10-14T22:46:28+08:00"}
{"level":"info","msg":"INFO:{DSDZ4SJ4R5ZPP672WXAZTD5QDW5D6L2J26IONTZ4AQF3RWNEYQAQ pay 24804113 BFO7NQTTXGYDPUEWJYLWPFZRUFQISHY4E2SKXARM7UROMAW36YYBGPSUYY 1000 1665758781 {1 BFO7NQTTXGYDPUEWJYLWPFZRUFQISHY4E2SKXARM7UROMAW36YYBGPSUYY}}","time":"2022-10-14T22:46:28+08:00"}
{"level":"info","msg":"INFO:{L7JPVPAKWFT5IW3UKKSEHL2O6WVDWAADXDNZMPM3GEKI2HS53J7Q pay 24804113 BFO7NQTTXGYDPUEWJYLWPFZRUFQISHY4E2SKXARM7UROMAW36YYBGPSUYY 1000 1665758781 {1 BFO7NQTTXGYDPUEWJYLWPFZRUFQISHY4E2SKXARM7UROMAW36YYBGPSUYY}}","time":"2022-10-14T22:46:28+08:00"}
{"level":"info","msg":"INFO:{HU4HRKMVNJQOV4LPGHSUUAI5HVJPLVX4O5XA5A2GQUFSFXBZ2ADQ pay 24804113 BFO7NQTTXGYDPUEWJYLWPFZRUFQISHY4E2SKXARM7UROMAW36YYBGPSUYY 1000 1665758781 {1 BFO7NQTTXGYDPUEWJYLWPFZRUFQISHY4E2SKXARM7UROMAW36YYBGPSUYY}}","time":"2022-10-14T22:46:28+08:00"}
{"level":"info","msg":"INFO:{TJLKK4GC6SF7KZVDAKDU4KOEUTFXYAO2J2WZYPPGQP6Y6FXJ5OKA acfg 24804113 FVV5JO3MM2WCLAVHVCWJXUPLR6CJWWCLZ55S3JE7GE7OREVOEPNZJPY56E 1000 1665758781 {1 BFO7NQTTXGYDPUEWJYLWPFZRUFQISHY4E2SKXARM7UROMAW36YYBGPSUYY}}","time":"2022-10-14T22:46:28+08:00"}
{"level":"info","msg":"INFO:{PUNFWOTTBX3OZUTFWXKFIU2VVJNG2SFVSNTDVMITMFRXM3YTB6PA pay 24804114 BFO7NQTTXGYDPUEWJYLWPFZRUFQISHY4E2SKXARM7UROMAW36YYBGPSUYY 1000 1665758785 {1 BFO7NQTTXGYDPUEWJYLWPFZRUFQISHY4E2SKXARM7UROMAW36YYBGPSUYY}}","time":"2022-10-14T22:46:35+08:00"}
{"level":"info","msg":"INFO:{DTDMI6ZU62YB5QFCD7IM5TS57SPKBCW6PDGMW6M47Q6536AH6A2Q appl 24804114 BX7DE4WGKPMZHR5ASXRWF2SQU5RNRWM3IXUNJ5T5LZMLVUYS3VCWI426NA 1000 1665758785 {1 BFO7NQTTXGYDPUEWJYLWPFZRUFQISHY4E2SKXARM7UROMAW36YYBGPSUYY}}","time":"2022-10-14T22:46:35+08:00"}
{"level":"info","msg":"INFO:{SHU3TR5LPPO5JTPGTGKAGI3OWOO7HDPV6G6PL56LFBKJFCU6A7OA appl 24804114 ZLCQBSXNXR6R36N2DWPTO64NNGR2GVZFKRFRHO6YPVP2JHNQYKEX66FJRE 1000 1665758785 {1 BFO7NQTTXGYDPUEWJYLWPFZRUFQISHY4E2SKXARM7UROMAW36YYBGPSUYY}}","time":"2022-10-14T22:46:35+08:00"}
{"level":"info","msg":"INFO:{XMEJR23LATM3OQVJZJVP4FFDDTUWIBAYHTO5AEZNFF3F4PXPVL3A appl 24804114 ZLCQBSXNXR6R36N2DWPTO64NNGR2GVZFKRFRHO6YPVP2JHNQYKEX66FJRE 1000 1665758785 {1 BFO7NQTTXGYDPUEWJYLWPFZRUFQISHY4E2SKXARM7UROMAW36YYBGPSUYY}}","time":"2022-10-14T22:46:35+08:00"}
{"level":"info","msg":"INFO:{4KQ6PFNOFMQS4HWMMXANX7XQQGWUJREXJ33G6KYDYZOFDJVRALNA appl 24804114 ZLCQBSXNXR6R36N2DWPTO64NNGR2GVZFKRFRHO6YPVP2JHNQYKEX66FJRE 1000 1665758785 {1 BFO7NQTTXGYDPUEWJYLWPFZRUFQISHY4E2SKXARM7UROMAW36YYBGPSUYY}}","time":"2022-10-14T22:46:35+08:00"}
{"level":"info","msg":"INFO:{ZVKCFK2COX6XBLXI24LQZLIGS5FIJHBRVPILQ5SYED7YJ6CQ7BEA appl 24804114 ZLCQBSXNXR6R36N2DWPTO64NNGR2GVZFKRFRHO6YPVP2JHNQYKEX66FJRE 1000 1665758785 {1 BFO7NQTTXGYDPUEWJYLWPFZRUFQISHY4E2SKXARM7UROMAW36YYBGPSUYY}}","time":"2022-10-14T22:46:35+08:00"}
{"level":"info","msg":"INFO:{IXPQZM2UTT4K5VO3ZDTX6XCGKIJSN4RDGDDYF6H7TTKYT27VTBQA appl 24804114 ZLCQBSXNXR6R36N2DWPTO64NNGR2GVZFKRFRHO6YPVP2JHNQYKEX66FJRE 1000 1665758785 {1 BFO7NQTTXGYDPUEWJYLWPFZRUFQISHY4E2SKXARM7UROMAW36YYBGPSUYY}}","time":"2022-10-14T22:46:35+08:00"}
{"level":"info","msg":"INFO:{4KCNV4BOSSSYP6QEWX7YB5HZKCVLNBSW4URE4LRZQIYWJ4KJJO3A appl 24804114 ZLCQBSXNXR6R36N2DWPTO64NNGR2GVZFKRFRHO6YPVP2JHNQYKEX66FJRE 1000 1665758785 {0 }}","time":"2022-10-14T22:46:35+08:00"}
{"level":"info","msg":"INFO:{ILQSQVBELH3Q66B77HKFOJP5K6OFRPPBFQSQ62VW3EUCQTIHCEZA appl 24804114 ZLCQBSXNXR6R36N2DWPTO64NNGR2GVZFKRFRHO6YPVP2JHNQYKEX66FJRE 1000 1665758785 {0 }}","time":"2022-10-14T22:46:35+08:00"}
{"level":"info","msg":"INFO:{CEST43ZKVWWG5L4HL7RSWHCGMXZ7WT4H5V3XZW4XUXCWJRV3YHSQ appl 24804114 ZLCQBSXNXR6R36N2DWPTO64NNGR2GVZFKRFRHO6YPVP2JHNQYKEX66FJRE 1000 1665758785 {0 }}","time":"2022-10-14T22:46:35+08:00"}
{"level":"info","msg":"INFO:{VHZ3DYUU672WSCJZS6WT73NO6326EC33CYN5UQGYHXOWF7L6AOGA appl 24804114 ZLCQBSXNXR6R36N2DWPTO64NNGR2GVZFKRFRHO6YPVP2JHNQYKEX66FJRE 1000 1665758785 {1 BFO7NQTTXGYDPUEWJYLWPFZRUFQISHY4E2SKXARM7UROMAW36YYBGPSUYY}}","time":"2022-10-14T22:46:35+08:00"}
{"level":"info","msg":"INFO:{G3GA3KQDFMPBRB2QCV5CS6OJQ5SSTLCPW7ZEKVMQNDWGYLAA5K3A pay 24804114 BFO7NQTTXGYDPUEWJYLWPFZRUFQISHY4E2SKXARM7UROMAW36YYBGPSUYY 1000 1665758785 {1 BFO7NQTTXGYDPUEWJYLWPFZRUFQISHY4E2SKXARM7UROMAW36YYBGPSUYY}}","time":"2022-10-14T22:46:35+08:00"}
{"level":"info","msg":"INFO:{DLWKDUSHQVIFDW3HFJZ73NZSKT2PRUP2GUTPM5HKUU5HEVAFVXZA pay 24804114 BFO7NQTTXGYDPUEWJYLWPFZRUFQISHY4E2SKXARM7UROMAW36YYBGPSUYY 1000 1665758785 {1 BFO7NQTTXGYDPUEWJYLWPFZRUFQISHY4E2SKXARM7UROMAW36YYBGPSUYY}}","time":"2022-10-14T22:46:35+08:00"}
{"level":"info","msg":"INFO:{RMQWHRDQXYXMXFX2J77KRLLC6HL5TENMD2ENXAX5A7364XL6L2QQ pay 24804114 BFO7NQTTXGYDPUEWJYLWPFZRUFQISHY4E2SKXARM7UROMAW36YYBGPSUYY 1000 1665758785 {1 BFO7NQTTXGYDPUEWJYLWPFZRUFQISHY4E2SKXARM7UROMAW36YYBGPSUYY}}","time":"2022-10-14T22:46:35+08:00"}
{"level":"info","msg":"INFO:{JOMQALVQEVK6VJUYDOWQBT4I5EDRZFAYX4JP2TLH26F2IZIZXRBQ axfer 24804115 JZGNTCSKZ7UKAOIDGIZ5OUVAV64AEMSFVDWYYZPGSMUYFBQGSRITSULKSQ 1000 1665758788 {1 BFO7NQTTXGYDPUEWJYLWPFZRUFQISHY4E2SKXARM7UROMAW36YYBGPSUYY}}","time":"2022-10-14T22:46:36+08:00"}
{"level":"info","msg":"INFO:{W6TOZY2HEZGIRLZQSB2JCUQNP57MTYD76CQCSQIXWS2JIZG2VCLA pay 24804115 BFO7NQTTXGYDPUEWJYLWPFZRUFQISHY4E2SKXARM7UROMAW36YYBGPSUYY 1000 1665758788 {1 BFO7NQTTXGYDPUEWJYLWPFZRUFQISHY4E2SKXARM7UROMAW36YYBGPSUYY}}","time":"2022-10-14T22:46:36+08:00"}
{"level":"info","msg":"INFO:{LYJVLS73AQHTG6GRODRDTQMBXTRXMHMFY5UQNZPWQQVTI4KZ7T2Q appl 24804115 YCYGSCRIHGBOM6FDNMDQO5QV5SVPM4PZRKA22XDLR4S5KYX7YRGGSZUKLE 1000 1665758788 {1 BFO7NQTTXGYDPUEWJYLWPFZRUFQISHY4E2SKXARM7UROMAW36YYBGPSUYY}}","time":"2022-10-14T22:46:36+08:00"}
{"level":"info","msg":"INFO:{U6FOZKVJFNRGBJDHAAZ5UMCU2XFBYYQOSJ7AL7XJKVCVZTQRTIDQ axfer 24804115 YCYGSCRIHGBOM6FDNMDQO5QV5SVPM4PZRKA22XDLR4S5KYX7YRGGSZUKLE 1000 1665758788 {1 BFO7NQTTXGYDPUEWJYLWPFZRUFQISHY4E2SKXARM7UROMAW36YYBGPSUYY}}","time":"2022-10-14T22:46:36+08:00"}
{"level":"info","msg":"INFO:{36XCVFIKKWOVMQEOOXL5NEGGTABT7P5RS3DT4CBTZ26OQ4DIUJQQ pay 24804115 YCYGSCRIHGBOM6FDNMDQO5QV5SVPM4PZRKA22XDLR4S5KYX7YRGGSZUKLE 1000 1665758788 {0 YCYGSCRIHGBOM6FDNMDQO5QV5SVPM4PZRKA22XDLR4S5KYX7YRGGSZUKLE}}","time":"2022-10-14T22:46:36+08:00"}
{"level":"info","msg":"INFO:{4VH2WOWRCN6RFW3ZYFXWMLTQ5VNVG57YINDBZH6QI6CBUCOCLBNQ pay 24804115 MLMNXQEISHWCAASGDC32GJMYJZBMAJA43EQP3NWKEQ4YOCQQV3AKNSLQFY 1000 1665758788 {0 MLMNXQEISHWCAASGDC32GJMYJZBMAJA43EQP3NWKEQ4YOCQQV3AKNSLQFY}}","time":"2022-10-14T22:46:36+08:00"}
{"level":"info","msg":"INFO:{YO3OXBUVXLF4RRYAPXXAYMSMMDJIT4QWGQCUHEIMI34CHTYG45PQ pay 24804115 BFO7NQTTXGYDPUEWJYLWPFZRUFQISHY4E2SKXARM7UROMAW36YYBGPSUYY 1000 1665758788 {1 BFO7NQTTXGYDPUEWJYLWPFZRUFQISHY4E2SKXARM7UROMAW36YYBGPSUYY}}","time":"2022-10-14T22:46:36+08:00"}
{"level":"info","msg":"INFO:{ETOISFHMBM2ONO7LE3DWOPJB5JJX5R4HEQIVGBNTVL4YOIIPHARA pay 24804115 BFO7NQTTXGYDPUEWJYLWPFZRUFQISHY4E2SKXARM7UROMAW36YYBGPSUYY 1000 1665758788 {1 BFO7NQTTXGYDPUEWJYLWPFZRUFQISHY4E2SKXARM7UROMAW36YYBGPSUYY}}","time":"2022-10-14T22:46:36+08:00"}
{"level":"info","msg":"INFO:{376HZS3T2R42XRJIEIECTYCKFBO7MYCNUY2JOZH3K3NQL5P3PPMA pay 24804115 BFO7NQTTXGYDPUEWJYLWPFZRUFQISHY4E2SKXARM7UROMAW36YYBGPSUYY 1000 1665758788 {1 BFO7NQTTXGYDPUEWJYLWPFZRUFQISHY4E2SKXARM7UROMAW36YYBGPSUYY}}","time":"2022-10-14T22:46:36+08:00"}
{"level":"info","msg":"INFO:{UOY6OMYZ5PPEKGWMQYIB43U3KV3MNYHALKAH6WSAMMOTJGVTHO3A pay 24804116 BFO7NQTTXGYDPUEWJYLWPFZRUFQISHY4E2SKXARM7UROMAW36YYBGPSUYY 1000 1665758792 {1 BFO7NQTTXGYDPUEWJYLWPFZRUFQISHY4E2SKXARM7UROMAW36YYBGPSUYY}}","time":"2022-10-14T22:46:42+08:00"}
{"level":"info","msg":"INFO:{RPLKC5DO5LNE2BRRVMKPDPYV22U5D2K77FNIFI2YAJGONQQ3CSUQ appl 24804116 XRLMBT6LVVV22E35CRT5TFQKGQPQ4EE6X6K4U3XPQ3UOCRY5FYY7BFEBJE 1000 1665758792 {1 BFO7NQTTXGYDPUEWJYLWPFZRUFQISHY4E2SKXARM7UROMAW36YYBGPSUYY}}","time":"2022-10-14T22:46:42+08:00"}
{"level":"info","msg":"INFO:{3VAMHVMK363NM2GVEZ7274BLXVWLPKGLKXAXHEL4T6HRAP6NUZIQ appl 24804116 XRLMBT6LVVV22E35CRT5TFQKGQPQ4EE6X6K4U3XPQ3UOCRY5FYY7BFEBJE 1000 1665758792 {1 BFO7NQTTXGYDPUEWJYLWPFZRUFQISHY4E2SKXARM7UROMAW36YYBGPSUYY}}","time":"2022-10-14T22:46:42+08:00"}
{"level":"info","msg":"INFO:{YYKKBJW6L7AABNX5KJLUI6ESJOM3MHCYY7RBUXNP7AP5MYO4EBEA appl 24804116 XRLMBT6LVVV22E35CRT5TFQKGQPQ4EE6X6K4U3XPQ3UOCRY5FYY7BFEBJE 1000 1665758792 {1 BFO7NQTTXGYDPUEWJYLWPFZRUFQISHY4E2SKXARM7UROMAW36YYBGPSUYY}}","time":"2022-10-14T22:46:42+08:00"}
{"level":"info","msg":"INFO:{LFQL5BUT4TEYPEMRVI6AXEHSGUXWCMRIOO5Y3S6LGQW734NSSZTA appl 24804116 XRLMBT6LVVV22E35CRT5TFQKGQPQ4EE6X6K4U3XPQ3UOCRY5FYY7BFEBJE 1000 1665758792 {0 YCYGSCRIHGBOM6FDNMDQO5QV5SVPM4PZRKA22XDLR4S5KYX7YRGGSZUKLE}}","time":"2022-10-14T22:46:42+08:00"}
{"level":"info","msg":"INFO:{GHHYKR4FMV7C4KCV44PDELBLQZAFBFWS4OTYGIKSU6IRGZRTLRAQ appl 24804116 XRLMBT6LVVV22E35CRT5TFQKGQPQ4EE6X6K4U3XPQ3UOCRY5FYY7BFEBJE 1000 1665758792 {0 MLMNXQEISHWCAASGDC32GJMYJZBMAJA43EQP3NWKEQ4YOCQQV3AKNSLQFY}}","time":"2022-10-14T22:46:42+08:00"}
{"level":"info","msg":"INFO:{3X6WPJTX3FVQFY3EBO25XIQZB5VRIEZFV7VHG2WDILZT7FEQQUXQ pay 24804116 BFO7NQTTXGYDPUEWJYLWPFZRUFQISHY4E2SKXARM7UROMAW36YYBGPSUYY 1000 1665758792 {1 BFO7NQTTXGYDPUEWJYLWPFZRUFQISHY4E2SKXARM7UROMAW36YYBGPSUYY}}","time":"2022-10-14T22:46:42+08:00"}
{"level":"info","msg":"INFO:{VN4VZC5DGKNHUE6JDQWWHKOYETZZMJ4U5SS6BYIQVE7MPCZRTKVQ appl 24804116 CIORVXLOUCICNC4Q53SMPGZXDHCGNV55GQKLVVPCMM4KAXJVO4LOUC2OWU 1000 1665758792 {1 BFO7NQTTXGYDPUEWJYLWPFZRUFQISHY4E2SKXARM7UROMAW36YYBGPSUYY}}","time":"2022-10-14T22:46:42+08:00"}
{"level":"info","msg":"INFO:{NBQ2TVK3GI7H6CH6N54BP3WYY2JP7OHSMOTMQUSX6KHPKWIAINSA appl 24804116 XRLMBT6LVVV22E35CRT5TFQKGQPQ4EE6X6K4U3XPQ3UOCRY5FYY7BFEBJE 1000 1665758792 {1 BFO7NQTTXGYDPUEWJYLWPFZRUFQISHY4E2SKXARM7UROMAW36YYBGPSUYY}}","time":"2022-10-14T22:46:42+08:00"}
{"level":"info","msg":"INFO:{PZ6U5577KQWBVAB4RN42O5CZ5A3XSNWJ75LHGK3JACEUT7UZULNQ pay 24804116 BFO7NQTTXGYDPUEWJYLWPFZRUFQISHY4E2SKXARM7UROMAW36YYBGPSUYY 1000 1665758792 {1 BFO7NQTTXGYDPUEWJYLWPFZRUFQISHY4E2SKXARM7UROMAW36YYBGPSUYY}}","time":"2022-10-14T22:46:42+08:00"}
{"level":"info","msg":"INFO:{6PJMQ4ELFQDDJX76EXETMSVOGEJZ57YZJL2W22MCVDGUHI6HRCMA pay 24804116 BFO7NQTTXGYDPUEWJYLWPFZRUFQISHY4E2SKXARM7UROMAW36YYBGPSUYY 1000 1665758792 {1 BFO7NQTTXGYDPUEWJYLWPFZRUFQISHY4E2SKXARM7UROMAW36YYBGPSUYY}}","time":"2022-10-14T22:46:42+08:00"}
{"level":"info","msg":"INFO:{U37HHY7ZYIVM5WE5EHVUDR2UCICJY4N2H5PDDS6T5IAPR3GQULOQ pay 24804117 BFO7NQTTXGYDPUEWJYLWPFZRUFQISHY4E2SKXARM7UROMAW36YYBGPSUYY 1000 1665758796 {1 BFO7NQTTXGYDPUEWJYLWPFZRUFQISHY4E2SKXARM7UROMAW36YYBGPSUYY}}","time":"2022-10-14T22:46:43+08:00"}
{"level":"info","msg":"INFO:{XBQ37J6IDB5PMES3NEAWQ2X5YNPDVM7WV6SXNEN5KRK6DXMD7VGQ pay 24804117 BFO7NQTTXGYDPUEWJYLWPFZRUFQISHY4E2SKXARM7UROMAW36YYBGPSUYY 1000 1665758796 {1 BFO7NQTTXGYDPUEWJYLWPFZRUFQISHY4E2SKXARM7UROMAW36YYBGPSUYY}}","time":"2022-10-14T22:46:43+08:00"}
{"level":"info","msg":"INFO:{VZBFUYEZIQNIRQEQXHQDT2FIACKCHZQE35HUTIMUHLUH3IDXHZBA pay 24804117 BFO7NQTTXGYDPUEWJYLWPFZRUFQISHY4E2SKXARM7UROMAW36YYBGPSUYY 1000 1665758796 {1 BFO7NQTTXGYDPUEWJYLWPFZRUFQISHY4E2SKXARM7UROMAW36YYBGPSUYY}}","time":"2022-10-14T22:46:43+08:00"}
{"level":"info","msg":"INFO:{52WUCACRYJEWDCODCOVNAZDQDQQ3M2UZLTAEO7LPXFE4KDBNPTKA pay 24804118 BFO7NQTTXGYDPUEWJYLWPFZRUFQISHY4E2SKXARM7UROMAW36YYBGPSUYY 1000 1665758799 {1 BFO7NQTTXGYDPUEWJYLWPFZRUFQISHY4E2SKXARM7UROMAW36YYBGPSUYY}}","time":"2022-10-14T22:46:49+08:00"}
{"level":"info","msg":"INFO:{IU3YNWSVAIZJ5OG45QSJWSV2BFTU7KMBWH5IKU3YA3CX3M4F2OCQ pay 24804118 BFO7NQTTXGYDPUEWJYLWPFZRUFQISHY4E2SKXARM7UROMAW36YYBGPSUYY 1000 1665758799 {1 BFO7NQTTXGYDPUEWJYLWPFZRUFQISHY4E2SKXARM7UROMAW36YYBGPSUYY}}","time":"2022-10-14T22:46:49+08:00"}
{"level":"info","msg":"INFO:{62GCQF7UN7RF4MQ76HG2VKJSBXTEXFHAK7VNVN7KKEBJSJXZIQXA pay 24804118 BFO7NQTTXGYDPUEWJYLWPFZRUFQISHY4E2SKXARM7UROMAW36YYBGPSUYY 1000 1665758799 {1 BFO7NQTTXGYDPUEWJYLWPFZRUFQISHY4E2SKXARM7UROMAW36YYBGPSUYY}}","time":"2022-10-14T22:46:49+08:00"}
{"level":"info","msg":"INFO:{ER3ATTF2U6SPRZS7GXYNWJMBMHHJA3J5MM2ZSGQNOZKBWAXP5JIA pay 24804118 BFO7NQTTXGYDPUEWJYLWPFZRUFQISHY4E2SKXARM7UROMAW36YYBGPSUYY 1000 1665758799 {1 BFO7NQTTXGYDPUEWJYLWPFZRUFQISHY4E2SKXARM7UROMAW36YYBGPSUYY}}","time":"2022-10-14T22:46:49+08:00"}
